This file contains any messages produced by compilers while
running configure, to aid debugging if configure makes a mistake.

It was created by patchelf configure 0.9, which was
generated by GNU Autoconf 2.69.  Invocation command line was

  $ ./configure --prefix=/home/qemu-sgx/devel/optee/out-br/host --sysconfdir=/home/qemu-sgx/devel/optee/out-br/host/etc --localstatedir=/home/qemu-sgx/devel/optee/out-br/host/var --enable-shared --disable-static --disable-gtk-doc --disable-gtk-doc-html --disable-doc --disable-docs --disable-documentation --disable-debug --with-xmlto=no --with-fop=no --disable-nls --disable-dependency-tracking

## --------- ##
## Platform. ##
## --------- ##

hostname = qemusgx-MS-7C70
uname -m = x86_64
uname -r = 5.13.11
uname -s = Linux
uname -v = #1 SMP Tue Aug 17 19:32:25 KST 2021

/usr/bin/uname -p = x86_64
/bin/uname -X     = unknown

/bin/arch              = x86_64
/usr/bin/arch -k       = unknown
/usr/convex/getsysinfo = unknown
/usr/bin/hostinfo      = unknown
/bin/machine           = unknown
/usr/bin/oslevel       = unknown
/bin/universe          = unknown

PATH: /home/qemu-sgx/devel/optee/out-br/host/bin
PATH: /home/qemu-sgx/devel/optee/out-br/host/sbin
PATH: /home/qemu-sgx/bin
PATH: /usr/local/sbin
PATH: /usr/local/bin
PATH: /usr/sbin
PATH: /usr/bin
PATH: /sbin
PATH: /bin
PATH: /usr/games
PATH: /usr/local/games
PATH: /snap/bin


## ----------- ##
## Core tests. ##
## ----------- ##

configure:1881: checking for a BSD-compatible install
configure:1949: result: /usr/bin/install -c
configure:1960: checking whether build environment is sane
configure:2015: result: yes
configure:2164: checking for a thread-safe mkdir -p
configure:2203: result: /usr/bin/mkdir -p
configure:2210: checking for gawk
configure:2240: result: no
configure:2210: checking for mawk
configure:2226: found /usr/bin/mawk
configure:2237: result: mawk
configure:2248: checking whether make sets $(MAKE)
configure:2270: result: yes
configure:2299: checking whether make supports nested variables
configure:2316: result: yes
configure:2455: checking for style of include used by make
configure:2483: result: GNU
configure:2554: checking for gcc
configure:2581: result: /home/qemu-sgx/devel/optee/out-br/host/bin/ccache /usr/bin/gcc
configure:2810: checking for C compiler version
configure:2819: /home/qemu-sgx/devel/optee/out-br/host/bin/ccache /usr/bin/gcc --version >&5
gcc (Ubuntu 9.3.0-17ubuntu1~20.04) 9.3.0
Copyright (C) 2019 Free Software Foundation, Inc.
This is free software; see the source for copying conditions.  There is NO
warranty; not even for MERCHANTABILITY or FITNESS FOR A PARTICULAR PURPOSE.

configure:2830: $? = 0
configure:2819: /home/qemu-sgx/devel/optee/out-br/host/bin/ccache /usr/bin/gcc -v >&5
Using built-in specs.
COLLECT_GCC=/usr/bin/gcc
COLLECT_LTO_WRAPPER=/usr/lib/gcc/x86_64-linux-gnu/9/lto-wrapper
OFFLOAD_TARGET_NAMES=nvptx-none:hsa
OFFLOAD_TARGET_DEFAULT=1
Target: x86_64-linux-gnu
Configured with: ../src/configure -v --with-pkgversion='Ubuntu 9.3.0-17ubuntu1~20.04' --with-bugurl=file:///usr/share/doc/gcc-9/README.Bugs --enable-languages=c,ada,c++,go,brig,d,fortran,objc,obj-c++,gm2 --prefix=/usr --with-gcc-major-version-only --program-suffix=-9 --program-prefix=x86_64-linux-gnu- --enable-shared --enable-linker-build-id --libexecdir=/usr/lib --without-included-gettext --enable-threads=posix --libdir=/usr/lib --enable-nls --enable-clocale=gnu --enable-libstdcxx-debug --enable-libstdcxx-time=yes --with-default-libstdcxx-abi=new --enable-gnu-unique-object --disable-vtable-verify --enable-plugin --enable-default-pie --with-system-zlib --with-target-system-zlib=auto --enable-objc-gc=auto --enable-multiarch --disable-werror --with-arch-32=i686 --with-abi=m64 --with-multilib-list=m32,m64,mx32 --enable-multilib --with-tune=generic --enable-offload-targets=nvptx-none=/build/gcc-9-HskZEa/gcc-9-9.3.0/debian/tmp-nvptx/usr,hsa --without-cuda-driver --enable-checking=release --build=x86_64-linux-gnu --host=x86_64-linux-gnu --target=x86_64-linux-gnu
Thread model: posix
gcc version 9.3.0 (Ubuntu 9.3.0-17ubuntu1~20.04) 
configure:2830: $? = 0
configure:2819: /home/qemu-sgx/devel/optee/out-br/host/bin/ccache /usr/bin/gcc -V >&5
gcc: error: unrecognized command line option '-V'
gcc: fatal error: no input files
compilation terminated.
configure:2830: $? = 1
configure:2819: /home/qemu-sgx/devel/optee/out-br/host/bin/ccache /usr/bin/gcc -qversion >&5
gcc: error: unrecognized command line option '-qversion'; did you mean '--version'?
gcc: fatal error: no input files
compilation terminated.
configure:2830: $? = 1
configure:2850: checking whether the C compiler works
configure:2872: /home/qemu-sgx/devel/optee/out-br/host/bin/ccache /usr/bin/gcc -O2 -I/home/qemu-sgx/devel/optee/out-br/host/include -I/home/qemu-sgx/devel/optee/out-br/host/include -L/home/qemu-sgx/devel/optee/out-br/host/lib -Wl,-rpath,/home/qemu-sgx/devel/optee/out-br/host/lib conftest.c  >&5
configure:2876: $? = 0
configure:2924: result: yes
configure:2927: checking for C compiler default output file name
configure:2929: result: a.out
configure:2935: checking for suffix of executables
configure:2942: /home/qemu-sgx/devel/optee/out-br/host/bin/ccache /usr/bin/gcc -o conftest -O2 -I/home/qemu-sgx/devel/optee/out-br/host/include -I/home/qemu-sgx/devel/optee/out-br/host/include -L/home/qemu-sgx/devel/optee/out-br/host/lib -Wl,-rpath,/home/qemu-sgx/devel/optee/out-br/host/lib conftest.c  >&5
configure:2946: $? = 0
configure:2968: result: 
configure:2990: checking whether we are cross compiling
configure:2998: /home/qemu-sgx/devel/optee/out-br/host/bin/ccache /usr/bin/gcc -o conftest -O2 -I/home/qemu-sgx/devel/optee/out-br/host/include -I/home/qemu-sgx/devel/optee/out-br/host/include -L/home/qemu-sgx/devel/optee/out-br/host/lib -Wl,-rpath,/home/qemu-sgx/devel/optee/out-br/host/lib conftest.c  >&5
configure:3002: $? = 0
configure:3009: ./conftest
configure:3013: $? = 0
configure:3001: result: no
configure:3006: checking for suffix of object files
configure:3028: /home/qemu-sgx/devel/optee/out-br/host/bin/ccache /usr/bin/gcc -c -O2 -I/home/qemu-sgx/devel/optee/out-br/host/include -I/home/qemu-sgx/devel/optee/out-br/host/include conftest.c >&5
configure:3032: $? = 0
configure:3053: result: o
configure:3057: checking whether we are using the GNU C compiler
configure:3076: /home/qemu-sgx/devel/optee/out-br/host/bin/ccache /usr/bin/gcc -c -O2 -I/home/qemu-sgx/devel/optee/out-br/host/include -I/home/qemu-sgx/devel/optee/out-br/host/include conftest.c >&5
configure:3076: $? = 0
configure:3085: result: yes
configure:3094: checking whether /home/qemu-sgx/devel/optee/out-br/host/bin/ccache /usr/bin/gcc accepts -g
configure:3114: /home/qemu-sgx/devel/optee/out-br/host/bin/ccache /usr/bin/gcc -c -g -I/home/qemu-sgx/devel/optee/out-br/host/include conftest.c >&5
configure:3114: $? = 0
configure:3155: result: yes
configure:3172: checking for /home/qemu-sgx/devel/optee/out-br/host/bin/ccache /usr/bin/gcc option to accept ISO C89
configure:3235: /home/qemu-sgx/devel/optee/out-br/host/bin/ccache /usr/bin/gcc  -c -O2 -I/home/qemu-sgx/devel/optee/out-br/host/include -I/home/qemu-sgx/devel/optee/out-br/host/include conftest.c >&5
configure:3235: $? = 0
configure:3248: result: none needed
configure:3273: checking whether /home/qemu-sgx/devel/optee/out-br/host/bin/ccache /usr/bin/gcc understands -c and -o together
configure:3295: /home/qemu-sgx/devel/optee/out-br/host/bin/ccache /usr/bin/gcc -c conftest.c -o conftest2.o
configure:3298: $? = 0
configure:3295: /home/qemu-sgx/devel/optee/out-br/host/bin/ccache /usr/bin/gcc -c conftest.c -o conftest2.o
configure:3298: $? = 0
configure:3310: result: yes
configure:3329: checking dependency style of /home/qemu-sgx/devel/optee/out-br/host/bin/ccache /usr/bin/gcc
configure:3440: result: none
configure:3568: checking for C++ compiler version
configure:3577: /home/qemu-sgx/devel/optee/out-br/host/bin/ccache /usr/bin/g++ --version >&5
g++ (Ubuntu 9.3.0-17ubuntu1~20.04) 9.3.0
Copyright (C) 2019 Free Software Foundation, Inc.
This is free software; see the source for copying conditions.  There is NO
warranty; not even for MERCHANTABILITY or FITNESS FOR A PARTICULAR PURPOSE.

configure:3588: $? = 0
configure:3577: /home/qemu-sgx/devel/optee/out-br/host/bin/ccache /usr/bin/g++ -v >&5
Using built-in specs.
COLLECT_GCC=/usr/bin/g++
COLLECT_LTO_WRAPPER=/usr/lib/gcc/x86_64-linux-gnu/9/lto-wrapper
OFFLOAD_TARGET_NAMES=nvptx-none:hsa
OFFLOAD_TARGET_DEFAULT=1
Target: x86_64-linux-gnu
Configured with: ../src/configure -v --with-pkgversion='Ubuntu 9.3.0-17ubuntu1~20.04' --with-bugurl=file:///usr/share/doc/gcc-9/README.Bugs --enable-languages=c,ada,c++,go,brig,d,fortran,objc,obj-c++,gm2 --prefix=/usr --with-gcc-major-version-only --program-suffix=-9 --program-prefix=x86_64-linux-gnu- --enable-shared --enable-linker-build-id --libexecdir=/usr/lib --without-included-gettext --enable-threads=posix --libdir=/usr/lib --enable-nls --enable-clocale=gnu --enable-libstdcxx-debug --enable-libstdcxx-time=yes --with-default-libstdcxx-abi=new --enable-gnu-unique-object --disable-vtable-verify --enable-plugin --enable-default-pie --with-system-zlib --with-target-system-zlib=auto --enable-objc-gc=auto --enable-multiarch --disable-werror --with-arch-32=i686 --with-abi=m64 --with-multilib-list=m32,m64,mx32 --enable-multilib --with-tune=generic --enable-offload-targets=nvptx-none=/build/gcc-9-HskZEa/gcc-9-9.3.0/debian/tmp-nvptx/usr,hsa --without-cuda-driver --enable-checking=release --build=x86_64-linux-gnu --host=x86_64-linux-gnu --target=x86_64-linux-gnu
Thread model: posix
gcc version 9.3.0 (Ubuntu 9.3.0-17ubuntu1~20.04) 
configure:3588: $? = 0
configure:3577: /home/qemu-sgx/devel/optee/out-br/host/bin/ccache /usr/bin/g++ -V >&5
g++: error: unrecognized command line option '-V'
g++: fatal error: no input files
compilation terminated.
configure:3588: $? = 1
configure:3577: /home/qemu-sgx/devel/optee/out-br/host/bin/ccache /usr/bin/g++ -qversion >&5
g++: error: unrecognized command line option '-qversion'; did you mean '--version'?
g++: fatal error: no input files
compilation terminated.
configure:3588: $? = 1
configure:3592: checking whether we are using the GNU C++ compiler
configure:3611: /home/qemu-sgx/devel/optee/out-br/host/bin/ccache /usr/bin/g++ -c -O2 -I/home/qemu-sgx/devel/optee/out-br/host/include -I/home/qemu-sgx/devel/optee/out-br/host/include conftest.cpp >&5
configure:3611: $? = 0
configure:3620: result: yes
configure:3629: checking whether /home/qemu-sgx/devel/optee/out-br/host/bin/ccache /usr/bin/g++ accepts -g
configure:3649: /home/qemu-sgx/devel/optee/out-br/host/bin/ccache /usr/bin/g++ -c -g -I/home/qemu-sgx/devel/optee/out-br/host/include conftest.cpp >&5
configure:3649: $? = 0
configure:3690: result: yes
configure:3715: checking dependency style of /home/qemu-sgx/devel/optee/out-br/host/bin/ccache /usr/bin/g++
configure:3826: result: none
configure:3864: result: Setting page size to 4096
configure:4006: checking that generated files are newer than configure
configure:4012: result: done
configure:4039: creating ./config.status

## ---------------------- ##
## Running config.status. ##
## ---------------------- ##

This file was extended by patchelf config.status 0.9, which was
generated by GNU Autoconf 2.69.  Invocation command line was

  CONFIG_FILES    = 
  CONFIG_HEADERS  = 
  CONFIG_LINKS    = 
  CONFIG_COMMANDS = 
  $ ./config.status 

on qemusgx-MS-7C70

config.status:777: creating Makefile
config.status:777: creating src/Makefile
config.status:777: creating tests/Makefile
config.status:777: creating patchelf.spec
config.status:949: executing depfiles commands
configure:5167: WARNING: unrecognized options: --enable-shared, --disable-static, --disable-gtk-doc, --disable-gtk-doc-html, --disable-doc, --disable-docs, --disable-documentation, --disable-debug, --with-xmlto, --with-fop, --disable-nls

## ---------------- ##
## Cache variables. ##
## ---------------- ##

ac_cv_c_compiler_gnu=yes
ac_cv_cxx_compiler_gnu=yes
ac_cv_env_CCC_set=
ac_cv_env_CCC_value=
ac_cv_env_CC_set=set
ac_cv_env_CC_value='/home/qemu-sgx/devel/optee/out-br/host/bin/ccache /usr/bin/gcc'
ac_cv_env_CFLAGS_set=set
ac_cv_env_CFLAGS_value='-O2 -I/home/qemu-sgx/devel/optee/out-br/host/include'
ac_cv_env_CPPFLAGS_set=set
ac_cv_env_CPPFLAGS_value=-I/home/qemu-sgx/devel/optee/out-br/host/include
ac_cv_env_CXXFLAGS_set=set
ac_cv_env_CXXFLAGS_value='-O2 -I/home/qemu-sgx/devel/optee/out-br/host/include'
ac_cv_env_CXX_set=set
ac_cv_env_CXX_value='/home/qemu-sgx/devel/optee/out-br/host/bin/ccache /usr/bin/g++'
ac_cv_env_LDFLAGS_set=set
ac_cv_env_LDFLAGS_value='-L/home/qemu-sgx/devel/optee/out-br/host/lib -Wl,-rpath,/home/qemu-sgx/devel/optee/out-br/host/lib'
ac_cv_env_LIBS_set=
ac_cv_env_LIBS_value=
ac_cv_env_build_alias_set=
ac_cv_env_build_alias_value=
ac_cv_env_host_alias_set=
ac_cv_env_host_alias_value=
ac_cv_env_target_alias_set=
ac_cv_env_target_alias_value=
ac_cv_objext=o
ac_cv_path_install='/usr/bin/install -c'
ac_cv_path_mkdir=/usr/bin/mkdir
ac_cv_prog_AWK=mawk
ac_cv_prog_ac_ct_CC='/home/qemu-sgx/devel/optee/out-br/host/bin/ccache /usr/bin/gcc'
ac_cv_prog_cc_c89=
ac_cv_prog_cc_g=yes
ac_cv_prog_cxx_g=yes
ac_cv_prog_make_make_set=yes
am_cv_CC_dependencies_compiler_type=none
am_cv_CXX_dependencies_compiler_type=none
am_cv_make_support_nested_variables=yes
am_cv_prog_cc_c_o=yes

## ----------------- ##
## Output variables. ##
## ----------------- ##

ACLOCAL='${SHELL} /home/qemu-sgx/devel/optee/out-br/build/host-patchelf-0.9/build-aux/missing aclocal-1.15'
AMDEPBACKSLASH=''
AMDEP_FALSE=''
AMDEP_TRUE='#'
AMTAR='$${TAR-tar}'
AM_BACKSLASH='\'
AM_DEFAULT_V='$(AM_DEFAULT_VERBOSITY)'
AM_DEFAULT_VERBOSITY='1'
AM_V='$(V)'
AUTOCONF='${SHELL} /home/qemu-sgx/devel/optee/out-br/build/host-patchelf-0.9/build-aux/missing autoconf'
AUTOHEADER='${SHELL} /home/qemu-sgx/devel/optee/out-br/build/host-patchelf-0.9/build-aux/missing autoheader'
AUTOMAKE='${SHELL} /home/qemu-sgx/devel/optee/out-br/build/host-patchelf-0.9/build-aux/missing automake-1.15'
AWK='mawk'
CC='/home/qemu-sgx/devel/optee/out-br/host/bin/ccache /usr/bin/gcc'
CCDEPMODE='depmode=none'
CFLAGS='-O2 -I/home/qemu-sgx/devel/optee/out-br/host/include'
CPPFLAGS='-I/home/qemu-sgx/devel/optee/out-br/host/include'
CXX='/home/qemu-sgx/devel/optee/out-br/host/bin/ccache /usr/bin/g++'
CXXDEPMODE='depmode=none'
CXXFLAGS='-O2 -I/home/qemu-sgx/devel/optee/out-br/host/include'
CYGPATH_W='echo'
DEFS='-DPACKAGE_NAME=\"patchelf\" -DPACKAGE_TARNAME=\"patchelf\" -DPACKAGE_VERSION=\"0.9\" -DPACKAGE_STRING=\"patchelf\ 0.9\" -DPACKAGE_BUGREPORT=\"\" -DPACKAGE_URL=\"\" -DPACKAGE=\"patchelf\" -DVERSION=\"0.9\" -DPAGESIZE=4096'
DEPDIR='.deps'
ECHO_C=''
ECHO_N='-n'
ECHO_T=''
EXEEXT=''
INSTALL_DATA='${INSTALL} -m 644'
INSTALL_PROGRAM='${INSTALL}'
INSTALL_SCRIPT='${INSTALL}'
INSTALL_STRIP_PROGRAM='$(install_sh) -c -s'
LDFLAGS='-L/home/qemu-sgx/devel/optee/out-br/host/lib -Wl,-rpath,/home/qemu-sgx/devel/optee/out-br/host/lib'
LIBOBJS=''
LIBS=''
LTLIBOBJS=''
MAKEINFO='${SHELL} /home/qemu-sgx/devel/optee/out-br/build/host-patchelf-0.9/build-aux/missing makeinfo'
MKDIR_P='/usr/bin/mkdir -p'
OBJEXT='o'
PACKAGE='patchelf'
PACKAGE_BUGREPORT=''
PACKAGE_NAME='patchelf'
PACKAGE_STRING='patchelf 0.9'
PACKAGE_TARNAME='patchelf'
PACKAGE_URL=''
PACKAGE_VERSION='0.9'
PATH_SEPARATOR=':'
SET_MAKE=''
SHELL='/bin/bash'
STRIP=''
VERSION='0.9'
ac_ct_CC='/home/qemu-sgx/devel/optee/out-br/host/bin/ccache /usr/bin/gcc'
ac_ct_CXX=''
am__EXEEXT_FALSE=''
am__EXEEXT_TRUE='#'
am__fastdepCC_FALSE=''
am__fastdepCC_TRUE='#'
am__fastdepCXX_FALSE=''
am__fastdepCXX_TRUE='#'
am__include='include'
am__isrc=''
am__leading_dot='.'
am__nodep=''
am__quote=''
am__tar='$${TAR-tar} chof - "$$tardir"'
am__untar='$${TAR-tar} xf -'
bindir='${exec_prefix}/bin'
build_alias=''
datadir='${datarootdir}'
datarootdir='${prefix}/share'
docdir='${datarootdir}/doc/${PACKAGE_TARNAME}'
dvidir='${docdir}'
exec_prefix='${prefix}'
host_alias=''
htmldir='${docdir}'
includedir='${prefix}/include'
infodir='${datarootdir}/info'
install_sh='${SHELL} /home/qemu-sgx/devel/optee/out-br/build/host-patchelf-0.9/build-aux/install-sh'
libdir='${exec_prefix}/lib'
libexecdir='${exec_prefix}/libexec'
localedir='${datarootdir}/locale'
localstatedir='/home/qemu-sgx/devel/optee/out-br/host/var'
mandir='${datarootdir}/man'
mkdir_p='$(MKDIR_P)'
oldincludedir='/usr/include'
pdfdir='${docdir}'
prefix='/home/qemu-sgx/devel/optee/out-br/host'
program_transform_name='s,x,x,'
psdir='${docdir}'
sbindir='${exec_prefix}/sbin'
sharedstatedir='${prefix}/com'
sysconfdir='/home/qemu-sgx/devel/optee/out-br/host/etc'
target_alias=''

## ----------- ##
## confdefs.h. ##
## ----------- ##

/* confdefs.h */
#define PACKAGE_NAME "patchelf"
#define PACKAGE_TARNAME "patchelf"
#define PACKAGE_VERSION "0.9"
#define PACKAGE_STRING "patchelf 0.9"
#define PACKAGE_BUGREPORT ""
#define PACKAGE_URL ""
#define PACKAGE "patchelf"
#define VERSION "0.9"
#define PAGESIZE 4096

configure: exit 0
