This file contains any messages produced by compilers while
running configure, to aid debugging if configure makes a mistake.

It was created by libffi configure 3.4.2, which was
generated by GNU Autoconf 2.69.  Invocation command line was

  $ .././configure --srcdir=.. --enable-builddir=x86_64-pc-linux-gnu --prefix=/home/qemu-sgx/devel/optee/out-br/host --sysconfdir=/home/qemu-sgx/devel/optee/out-br/host/etc --localstatedir=/home/qemu-sgx/devel/optee/out-br/host/var --enable-shared --disable-static --disable-gtk-doc --disable-gtk-doc-html --disable-doc --disable-docs --disable-documentation --disable-debug --with-xmlto=no --with-fop=no --disable-nls --disable-dependency-tracking CPP=/usr/bin/cpp CPPFLAGS=-I/home/qemu-sgx/devel/optee/out-br/host/include

## --------- ##
## Platform. ##
## --------- ##

hostname = qemusgx-MS-7C70
uname -m = x86_64
uname -r = 5.13.11
uname -s = Linux
uname -v = #1 SMP Tue Aug 17 19:32:25 KST 2021

/usr/bin/uname -p = x86_64
/bin/uname -X     = unknown

/bin/arch              = x86_64
/usr/bin/arch -k       = unknown
/usr/convex/getsysinfo = unknown
/usr/bin/hostinfo      = unknown
/bin/machine           = unknown
/usr/bin/oslevel       = unknown
/bin/universe          = unknown

PATH: /home/qemu-sgx/devel/optee/out-br/host/bin
PATH: /home/qemu-sgx/devel/optee/out-br/host/sbin
PATH: /home/qemu-sgx/bin
PATH: /usr/local/sbin
PATH: /usr/local/bin
PATH: /usr/sbin
PATH: /usr/bin
PATH: /sbin
PATH: /bin
PATH: /usr/games
PATH: /usr/local/games
PATH: /snap/bin


## ----------- ##
## Core tests. ##
## ----------- ##

configure:2691: checking build system type
configure:2705: result: x86_64-pc-linux-gnu
configure:2725: checking host system type
configure:2738: result: x86_64-pc-linux-gnu
configure:2758: checking target system type
configure:2771: result: x86_64-pc-linux-gnu
configure:2868: checking for gsed
configure:2899: result: sed
configure:2927: checking for a BSD-compatible install
configure:2995: result: /usr/bin/install -c
configure:3006: checking whether build environment is sane
configure:3061: result: yes
configure:3207: checking for a thread-safe mkdir -p
configure:3246: result: /usr/bin/mkdir -p
configure:3253: checking for gawk
configure:3283: result: no
configure:3253: checking for mawk
configure:3269: found /usr/bin/mawk
configure:3280: result: mawk
configure:3291: checking whether make sets $(MAKE)
configure:3313: result: yes
configure:3342: checking whether make supports nested variables
configure:3359: result: yes
configure:3544: checking for gcc
configure:3571: result: /home/qemu-sgx/devel/optee/out-br/host/bin/ccache /usr/bin/gcc
configure:3800: checking for C compiler version
configure:3809: /home/qemu-sgx/devel/optee/out-br/host/bin/ccache /usr/bin/gcc --version >&5
gcc (Ubuntu 9.3.0-17ubuntu1~20.04) 9.3.0
Copyright (C) 2019 Free Software Foundation, Inc.
This is free software; see the source for copying conditions.  There is NO
warranty; not even for MERCHANTABILITY or FITNESS FOR A PARTICULAR PURPOSE.

configure:3820: $? = 0
configure:3809: /home/qemu-sgx/devel/optee/out-br/host/bin/ccache /usr/bin/gcc -v >&5
Using built-in specs.
COLLECT_GCC=/usr/bin/gcc
COLLECT_LTO_WRAPPER=/usr/lib/gcc/x86_64-linux-gnu/9/lto-wrapper
OFFLOAD_TARGET_NAMES=nvptx-none:hsa
OFFLOAD_TARGET_DEFAULT=1
Target: x86_64-linux-gnu
Configured with: ../src/configure -v --with-pkgversion='Ubuntu 9.3.0-17ubuntu1~20.04' --with-bugurl=file:///usr/share/doc/gcc-9/README.Bugs --enable-languages=c,ada,c++,go,brig,d,fortran,objc,obj-c++,gm2 --prefix=/usr --with-gcc-major-version-only --program-suffix=-9 --program-prefix=x86_64-linux-gnu- --enable-shared --enable-linker-build-id --libexecdir=/usr/lib --without-included-gettext --enable-threads=posix --libdir=/usr/lib --enable-nls --enable-clocale=gnu --enable-libstdcxx-debug --enable-libstdcxx-time=yes --with-default-libstdcxx-abi=new --enable-gnu-unique-object --disable-vtable-verify --enable-plugin --enable-default-pie --with-system-zlib --with-target-system-zlib=auto --enable-objc-gc=auto --enable-multiarch --disable-werror --with-arch-32=i686 --with-abi=m64 --with-multilib-list=m32,m64,mx32 --enable-multilib --with-tune=generic --enable-offload-targets=nvptx-none=/build/gcc-9-HskZEa/gcc-9-9.3.0/debian/tmp-nvptx/usr,hsa --without-cuda-driver --enable-checking=release --build=x86_64-linux-gnu --host=x86_64-linux-gnu --target=x86_64-linux-gnu
Thread model: posix
gcc version 9.3.0 (Ubuntu 9.3.0-17ubuntu1~20.04) 
configure:3820: $? = 0
configure:3809: /home/qemu-sgx/devel/optee/out-br/host/bin/ccache /usr/bin/gcc -V >&5
gcc: error: unrecognized command line option '-V'
gcc: fatal error: no input files
compilation terminated.
configure:3820: $? = 1
configure:3809: /home/qemu-sgx/devel/optee/out-br/host/bin/ccache /usr/bin/gcc -qversion >&5
gcc: error: unrecognized command line option '-qversion'; did you mean '--version'?
gcc: fatal error: no input files
compilation terminated.
configure:3820: $? = 1
configure:3840: checking whether the C compiler works
configure:3862: /home/qemu-sgx/devel/optee/out-br/host/bin/ccache /usr/bin/gcc -O2 -I/home/qemu-sgx/devel/optee/out-br/host/include -I/home/qemu-sgx/devel/optee/out-br/host/include -L/home/qemu-sgx/devel/optee/out-br/host/lib -Wl,-rpath,/home/qemu-sgx/devel/optee/out-br/host/lib conftest.c  >&5
configure:3866: $? = 0
configure:3914: result: yes
configure:3917: checking for C compiler default output file name
configure:3919: result: a.out
configure:3925: checking for suffix of executables
configure:3932: /home/qemu-sgx/devel/optee/out-br/host/bin/ccache /usr/bin/gcc -o conftest -O2 -I/home/qemu-sgx/devel/optee/out-br/host/include -I/home/qemu-sgx/devel/optee/out-br/host/include -L/home/qemu-sgx/devel/optee/out-br/host/lib -Wl,-rpath,/home/qemu-sgx/devel/optee/out-br/host/lib conftest.c  >&5
configure:3936: $? = 0
configure:3958: result: 
configure:3980: checking whether we are cross compiling
configure:3988: /home/qemu-sgx/devel/optee/out-br/host/bin/ccache /usr/bin/gcc -o conftest -O2 -I/home/qemu-sgx/devel/optee/out-br/host/include -I/home/qemu-sgx/devel/optee/out-br/host/include -L/home/qemu-sgx/devel/optee/out-br/host/lib -Wl,-rpath,/home/qemu-sgx/devel/optee/out-br/host/lib conftest.c  >&5
configure:3992: $? = 0
configure:3999: ./conftest
configure:4003: $? = 0
configure:3991: result: no
configure:3996: checking for suffix of object files
configure:4018: /home/qemu-sgx/devel/optee/out-br/host/bin/ccache /usr/bin/gcc -c -O2 -I/home/qemu-sgx/devel/optee/out-br/host/include -I/home/qemu-sgx/devel/optee/out-br/host/include conftest.c >&5
configure:4022: $? = 0
configure:4043: result: o
configure:4047: checking whether we are using the GNU C compiler
configure:4066: /home/qemu-sgx/devel/optee/out-br/host/bin/ccache /usr/bin/gcc -c -O2 -I/home/qemu-sgx/devel/optee/out-br/host/include -I/home/qemu-sgx/devel/optee/out-br/host/include conftest.c >&5
configure:4066: $? = 0
configure:4075: result: yes
configure:4084: checking whether /home/qemu-sgx/devel/optee/out-br/host/bin/ccache /usr/bin/gcc accepts -g
configure:4104: /home/qemu-sgx/devel/optee/out-br/host/bin/ccache /usr/bin/gcc -c -g -I/home/qemu-sgx/devel/optee/out-br/host/include conftest.c >&5
configure:4104: $? = 0
configure:4145: result: yes
configure:4162: checking for /home/qemu-sgx/devel/optee/out-br/host/bin/ccache /usr/bin/gcc option to accept ISO C89
configure:4225: /home/qemu-sgx/devel/optee/out-br/host/bin/ccache /usr/bin/gcc  -c -O2 -I/home/qemu-sgx/devel/optee/out-br/host/include -I/home/qemu-sgx/devel/optee/out-br/host/include conftest.c >&5
configure:4225: $? = 0
configure:4238: result: none needed
configure:4263: checking whether /home/qemu-sgx/devel/optee/out-br/host/bin/ccache /usr/bin/gcc understands -c and -o together
configure:4285: /home/qemu-sgx/devel/optee/out-br/host/bin/ccache /usr/bin/gcc -c conftest.c -o conftest2.o
configure:4288: $? = 0
configure:4285: /home/qemu-sgx/devel/optee/out-br/host/bin/ccache /usr/bin/gcc -c conftest.c -o conftest2.o
configure:4288: $? = 0
configure:4300: result: yes
configure:4328: checking for style of include used by make
configure:4356: result: GNU
configure:4382: checking dependency style of /home/qemu-sgx/devel/optee/out-br/host/bin/ccache /usr/bin/gcc
configure:4493: result: none
configure:4620: checking for C++ compiler version
configure:4629: /home/qemu-sgx/devel/optee/out-br/host/bin/ccache /usr/bin/g++ --version >&5
g++ (Ubuntu 9.3.0-17ubuntu1~20.04) 9.3.0
Copyright (C) 2019 Free Software Foundation, Inc.
This is free software; see the source for copying conditions.  There is NO
warranty; not even for MERCHANTABILITY or FITNESS FOR A PARTICULAR PURPOSE.

configure:4640: $? = 0
configure:4629: /home/qemu-sgx/devel/optee/out-br/host/bin/ccache /usr/bin/g++ -v >&5
Using built-in specs.
COLLECT_GCC=/usr/bin/g++
COLLECT_LTO_WRAPPER=/usr/lib/gcc/x86_64-linux-gnu/9/lto-wrapper
OFFLOAD_TARGET_NAMES=nvptx-none:hsa
OFFLOAD_TARGET_DEFAULT=1
Target: x86_64-linux-gnu
Configured with: ../src/configure -v --with-pkgversion='Ubuntu 9.3.0-17ubuntu1~20.04' --with-bugurl=file:///usr/share/doc/gcc-9/README.Bugs --enable-languages=c,ada,c++,go,brig,d,fortran,objc,obj-c++,gm2 --prefix=/usr --with-gcc-major-version-only --program-suffix=-9 --program-prefix=x86_64-linux-gnu- --enable-shared --enable-linker-build-id --libexecdir=/usr/lib --without-included-gettext --enable-threads=posix --libdir=/usr/lib --enable-nls --enable-clocale=gnu --enable-libstdcxx-debug --enable-libstdcxx-time=yes --with-default-libstdcxx-abi=new --enable-gnu-unique-object --disable-vtable-verify --enable-plugin --enable-default-pie --with-system-zlib --with-target-system-zlib=auto --enable-objc-gc=auto --enable-multiarch --disable-werror --with-arch-32=i686 --with-abi=m64 --with-multilib-list=m32,m64,mx32 --enable-multilib --with-tune=generic --enable-offload-targets=nvptx-none=/build/gcc-9-HskZEa/gcc-9-9.3.0/debian/tmp-nvptx/usr,hsa --without-cuda-driver --enable-checking=release --build=x86_64-linux-gnu --host=x86_64-linux-gnu --target=x86_64-linux-gnu
Thread model: posix
gcc version 9.3.0 (Ubuntu 9.3.0-17ubuntu1~20.04) 
configure:4640: $? = 0
configure:4629: /home/qemu-sgx/devel/optee/out-br/host/bin/ccache /usr/bin/g++ -V >&5
g++: error: unrecognized command line option '-V'
g++: fatal error: no input files
compilation terminated.
configure:4640: $? = 1
configure:4629: /home/qemu-sgx/devel/optee/out-br/host/bin/ccache /usr/bin/g++ -qversion >&5
g++: error: unrecognized command line option '-qversion'; did you mean '--version'?
g++: fatal error: no input files
compilation terminated.
configure:4640: $? = 1
configure:4644: checking whether we are using the GNU C++ compiler
configure:4663: /home/qemu-sgx/devel/optee/out-br/host/bin/ccache /usr/bin/g++ -c -O2 -I/home/qemu-sgx/devel/optee/out-br/host/include -I/home/qemu-sgx/devel/optee/out-br/host/include conftest.cpp >&5
configure:4663: $? = 0
configure:4672: result: yes
configure:4681: checking whether /home/qemu-sgx/devel/optee/out-br/host/bin/ccache /usr/bin/g++ accepts -g
configure:4701: /home/qemu-sgx/devel/optee/out-br/host/bin/ccache /usr/bin/g++ -c -g -I/home/qemu-sgx/devel/optee/out-br/host/include conftest.cpp >&5
configure:4701: $? = 0
configure:4742: result: yes
configure:4767: checking dependency style of /home/qemu-sgx/devel/optee/out-br/host/bin/ccache /usr/bin/g++
configure:4878: result: none
configure:4908: checking dependency style of /home/qemu-sgx/devel/optee/out-br/host/bin/ccache /usr/bin/gcc
configure:5017: result: none
configure:5079: checking how to print strings
configure:5106: result: printf
configure:5127: checking for a sed that does not truncate output
configure:5191: result: /usr/bin/sed
configure:5209: checking for grep that handles long lines and -e
configure:5267: result: /usr/bin/grep
configure:5272: checking for egrep
configure:5334: result: /usr/bin/grep -E
configure:5339: checking for fgrep
configure:5401: result: /usr/bin/grep -F
configure:5436: checking for ld used by /home/qemu-sgx/devel/optee/out-br/host/bin/ccache /usr/bin/gcc
configure:5503: result: /usr/bin/ld
configure:5510: checking if the linker (/usr/bin/ld) is GNU ld
configure:5525: result: yes
configure:5537: checking for BSD- or MS-compatible name lister (nm)
configure:5591: result: /usr/bin/nm
configure:5721: checking the name lister (/usr/bin/nm) interface
configure:5728: /home/qemu-sgx/devel/optee/out-br/host/bin/ccache /usr/bin/gcc -c -O2 -I/home/qemu-sgx/devel/optee/out-br/host/include -I/home/qemu-sgx/devel/optee/out-br/host/include conftest.c >&5
configure:5731: /usr/bin/nm "conftest.o"
configure:5734: output
0000000000000000 B some_variable
configure:5735: result: BSD nm
configure:5738: checking whether ln -s works
configure:5742: result: yes
configure:5750: checking the maximum length of command line arguments
configure:5881: result: 1572864
configure:5929: checking how to convert x86_64-pc-linux-gnu file names to x86_64-pc-linux-gnu format
configure:5969: result: func_convert_file_noop
configure:5976: checking how to convert x86_64-pc-linux-gnu file names to toolchain format
configure:5996: result: func_convert_file_noop
configure:6003: checking for /usr/bin/ld option to reload object files
configure:6010: result: -r
configure:6084: checking for objdump
configure:6100: found /usr/bin/objdump
configure:6111: result: objdump
configure:6143: checking how to recognize dependent libraries
configure:6343: result: pass_all
configure:6428: checking for dlltool
configure:6458: result: no
configure:6488: checking how to associate runtime and link libraries
configure:6515: result: printf %s\n
configure:6640: checking for archiver @FILE support
configure:6657: /home/qemu-sgx/devel/optee/out-br/host/bin/ccache /usr/bin/gcc -c -O2 -I/home/qemu-sgx/devel/optee/out-br/host/include -I/home/qemu-sgx/devel/optee/out-br/host/include conftest.c >&5
configure:6657: $? = 0
configure:6660: /usr/bin/ar cru libconftest.a @conftest.lst >&5
/usr/bin/ar: `u' modifier ignored since `D' is the default (see `U')
configure:6663: $? = 0
configure:6668: /usr/bin/ar cru libconftest.a @conftest.lst >&5
/usr/bin/ar: `u' modifier ignored since `D' is the default (see `U')
/usr/bin/ar: conftest.o: No such file or directory
configure:6671: $? = 1
configure:6670: result: @
configure:6728: checking for strip
configure:6744: found /usr/bin/strip
configure:6755: result: strip
configure:6827: checking for ranlib
configure:6854: result: /usr/bin/ranlib
configure:6956: checking command to parse /usr/bin/nm output from /home/qemu-sgx/devel/optee/out-br/host/bin/ccache /usr/bin/gcc object
configure:7109: /home/qemu-sgx/devel/optee/out-br/host/bin/ccache /usr/bin/gcc -c -O2 -I/home/qemu-sgx/devel/optee/out-br/host/include -I/home/qemu-sgx/devel/optee/out-br/host/include conftest.c >&5
configure:7112: $? = 0
configure:7116: /usr/bin/nm conftest.o \| sed -n -e 's/^.*[ ]\([ABCDGIRSTW][ABCDGIRSTW]*\)[ ][ ]*\([_A-Za-z][_A-Za-z0-9]*\)$/\1 \2 \2/p' | sed '/ __gnu_lto/d' \> conftest.nm
configure:7119: $? = 0
configure:7185: /home/qemu-sgx/devel/optee/out-br/host/bin/ccache /usr/bin/gcc -o conftest -O2 -I/home/qemu-sgx/devel/optee/out-br/host/include -I/home/qemu-sgx/devel/optee/out-br/host/include -L/home/qemu-sgx/devel/optee/out-br/host/lib -Wl,-rpath,/home/qemu-sgx/devel/optee/out-br/host/lib conftest.c conftstm.o >&5
configure:7188: $? = 0
configure:7226: result: ok
configure:7273: checking for sysroot
configure:7303: result: no
configure:7310: checking for a working dd
configure:7348: result: /usr/bin/dd
configure:7352: checking how to truncate binary pipes
configure:7367: result: /usr/bin/dd bs=4096 count=1
configure:7503: /home/qemu-sgx/devel/optee/out-br/host/bin/ccache /usr/bin/gcc -c -O2 -I/home/qemu-sgx/devel/optee/out-br/host/include -I/home/qemu-sgx/devel/optee/out-br/host/include conftest.c >&5
configure:7506: $? = 0
configure:7696: checking for mt
configure:7712: found /usr/bin/mt
configure:7723: result: mt
configure:7746: checking if mt is a manifest tool
configure:7752: mt '-?'
configure:7760: result: no
configure:8437: checking how to run the C preprocessor
configure:8507: result: /usr/bin/cpp
configure:8527: /usr/bin/cpp -I/home/qemu-sgx/devel/optee/out-br/host/include conftest.c
configure:8527: $? = 0
configure:8541: /usr/bin/cpp -I/home/qemu-sgx/devel/optee/out-br/host/include conftest.c
conftest.c:11:10: fatal error: ac_nonexistent.h: No such file or directory
   11 | #include <ac_nonexistent.h>
      |          ^~~~~~~~~~~~~~~~~~
compilation terminated.
configure:8541: $? = 1
configure: failed program was:
| /* confdefs.h */
| #define PACKAGE_NAME "libffi"
| #define PACKAGE_TARNAME "libffi"
| #define PACKAGE_VERSION "3.4.2"
| #define PACKAGE_STRING "libffi 3.4.2"
| #define PACKAGE_BUGREPORT "http://github.com/libffi/libffi/issues"
| #define PACKAGE_URL ""
| #define PACKAGE "libffi"
| #define VERSION "3.4.2"
| /* end confdefs.h.  */
| #include <ac_nonexistent.h>
configure:8570: checking for ANSI C header files
configure:8590: /home/qemu-sgx/devel/optee/out-br/host/bin/ccache /usr/bin/gcc -c -O2 -I/home/qemu-sgx/devel/optee/out-br/host/include -I/home/qemu-sgx/devel/optee/out-br/host/include conftest.c >&5
configure:8590: $? = 0
configure:8663: /home/qemu-sgx/devel/optee/out-br/host/bin/ccache /usr/bin/gcc -o conftest -O2 -I/home/qemu-sgx/devel/optee/out-br/host/include -I/home/qemu-sgx/devel/optee/out-br/host/include -L/home/qemu-sgx/devel/optee/out-br/host/lib -Wl,-rpath,/home/qemu-sgx/devel/optee/out-br/host/lib conftest.c  >&5
configure:8663: $? = 0
configure:8663: ./conftest
configure:8663: $? = 0
configure:8674: result: yes
configure:8687: checking for sys/types.h
configure:8687: /home/qemu-sgx/devel/optee/out-br/host/bin/ccache /usr/bin/gcc -c -O2 -I/home/qemu-sgx/devel/optee/out-br/host/include -I/home/qemu-sgx/devel/optee/out-br/host/include conftest.c >&5
configure:8687: $? = 0
configure:8687: result: yes
configure:8687: checking for sys/stat.h
configure:8687: /home/qemu-sgx/devel/optee/out-br/host/bin/ccache /usr/bin/gcc -c -O2 -I/home/qemu-sgx/devel/optee/out-br/host/include -I/home/qemu-sgx/devel/optee/out-br/host/include conftest.c >&5
configure:8687: $? = 0
configure:8687: result: yes
configure:8687: checking for stdlib.h
configure:8687: /home/qemu-sgx/devel/optee/out-br/host/bin/ccache /usr/bin/gcc -c -O2 -I/home/qemu-sgx/devel/optee/out-br/host/include -I/home/qemu-sgx/devel/optee/out-br/host/include conftest.c >&5
configure:8687: $? = 0
configure:8687: result: yes
configure:8687: checking for string.h
configure:8687: /home/qemu-sgx/devel/optee/out-br/host/bin/ccache /usr/bin/gcc -c -O2 -I/home/qemu-sgx/devel/optee/out-br/host/include -I/home/qemu-sgx/devel/optee/out-br/host/include conftest.c >&5
configure:8687: $? = 0
configure:8687: result: yes
configure:8687: checking for memory.h
configure:8687: /home/qemu-sgx/devel/optee/out-br/host/bin/ccache /usr/bin/gcc -c -O2 -I/home/qemu-sgx/devel/optee/out-br/host/include -I/home/qemu-sgx/devel/optee/out-br/host/include conftest.c >&5
configure:8687: $? = 0
configure:8687: result: yes
configure:8687: checking for strings.h
configure:8687: /home/qemu-sgx/devel/optee/out-br/host/bin/ccache /usr/bin/gcc -c -O2 -I/home/qemu-sgx/devel/optee/out-br/host/include -I/home/qemu-sgx/devel/optee/out-br/host/include conftest.c >&5
configure:8687: $? = 0
configure:8687: result: yes
configure:8687: checking for inttypes.h
configure:8687: /home/qemu-sgx/devel/optee/out-br/host/bin/ccache /usr/bin/gcc -c -O2 -I/home/qemu-sgx/devel/optee/out-br/host/include -I/home/qemu-sgx/devel/optee/out-br/host/include conftest.c >&5
configure:8687: $? = 0
configure:8687: result: yes
configure:8687: checking for stdint.h
configure:8687: /home/qemu-sgx/devel/optee/out-br/host/bin/ccache /usr/bin/gcc -c -O2 -I/home/qemu-sgx/devel/optee/out-br/host/include -I/home/qemu-sgx/devel/optee/out-br/host/include conftest.c >&5
configure:8687: $? = 0
configure:8687: result: yes
configure:8687: checking for unistd.h
configure:8687: /home/qemu-sgx/devel/optee/out-br/host/bin/ccache /usr/bin/gcc -c -O2 -I/home/qemu-sgx/devel/optee/out-br/host/include -I/home/qemu-sgx/devel/optee/out-br/host/include conftest.c >&5
configure:8687: $? = 0
configure:8687: result: yes
configure:8701: checking for dlfcn.h
configure:8701: /home/qemu-sgx/devel/optee/out-br/host/bin/ccache /usr/bin/gcc -c -O2 -I/home/qemu-sgx/devel/optee/out-br/host/include -I/home/qemu-sgx/devel/optee/out-br/host/include conftest.c >&5
configure:8701: $? = 0
configure:8701: result: yes
configure:8968: checking for objdir
configure:8983: result: .libs
configure:9247: checking if /home/qemu-sgx/devel/optee/out-br/host/bin/ccache /usr/bin/gcc supports -fno-rtti -fno-exceptions
configure:9265: /home/qemu-sgx/devel/optee/out-br/host/bin/ccache /usr/bin/gcc -c -O2 -I/home/qemu-sgx/devel/optee/out-br/host/include -I/home/qemu-sgx/devel/optee/out-br/host/include -fno-rtti -fno-exceptions conftest.c >&5
cc1: warning: command line option '-fno-rtti' is valid for C++/D/ObjC++ but not for C
configure:9269: $? = 0
configure:9282: result: no
configure:9640: checking for /home/qemu-sgx/devel/optee/out-br/host/bin/ccache /usr/bin/gcc option to produce PIC
configure:9647: result: -fPIC -DPIC
configure:9655: checking if /home/qemu-sgx/devel/optee/out-br/host/bin/ccache /usr/bin/gcc PIC flag -fPIC -DPIC works
configure:9673: /home/qemu-sgx/devel/optee/out-br/host/bin/ccache /usr/bin/gcc -c -O2 -I/home/qemu-sgx/devel/optee/out-br/host/include -I/home/qemu-sgx/devel/optee/out-br/host/include -fPIC -DPIC -DPIC conftest.c >&5
configure:9677: $? = 0
configure:9690: result: yes
configure:9719: checking if /home/qemu-sgx/devel/optee/out-br/host/bin/ccache /usr/bin/gcc static flag -static works
configure:9747: result: yes
configure:9762: checking if /home/qemu-sgx/devel/optee/out-br/host/bin/ccache /usr/bin/gcc supports -c -o file.o
configure:9783: /home/qemu-sgx/devel/optee/out-br/host/bin/ccache /usr/bin/gcc -c -O2 -I/home/qemu-sgx/devel/optee/out-br/host/include -I/home/qemu-sgx/devel/optee/out-br/host/include -o out/conftest2.o conftest.c >&5
configure:9787: $? = 0
configure:9809: result: yes
configure:9817: checking if /home/qemu-sgx/devel/optee/out-br/host/bin/ccache /usr/bin/gcc supports -c -o file.o
configure:9864: result: yes
configure:9897: checking whether the /home/qemu-sgx/devel/optee/out-br/host/bin/ccache /usr/bin/gcc linker (/usr/bin/ld -m elf_x86_64) supports shared libraries
configure:11156: result: yes
configure:11193: checking whether -lc should be explicitly linked in
configure:11201: /home/qemu-sgx/devel/optee/out-br/host/bin/ccache /usr/bin/gcc -c -O2 -I/home/qemu-sgx/devel/optee/out-br/host/include -I/home/qemu-sgx/devel/optee/out-br/host/include conftest.c >&5
configure:11204: $? = 0
configure:11219: /home/qemu-sgx/devel/optee/out-br/host/bin/ccache /usr/bin/gcc -shared  -fPIC -DPIC conftest.o  -v -Wl,-soname -Wl,conftest -o conftest 2\>\&1 \| /usr/bin/grep  -lc  \>/dev/null 2\>\&1
configure:11222: $? = 0
configure:11236: result: no
configure:11396: checking dynamic linker characteristics
configure:11977: /home/qemu-sgx/devel/optee/out-br/host/bin/ccache /usr/bin/gcc -o conftest -O2 -I/home/qemu-sgx/devel/optee/out-br/host/include -I/home/qemu-sgx/devel/optee/out-br/host/include -L/home/qemu-sgx/devel/optee/out-br/host/lib -Wl,-rpath,/home/qemu-sgx/devel/optee/out-br/host/lib -Wl,-rpath -Wl,/foo conftest.c  >&5
configure:11977: $? = 0
configure:12214: result: GNU/Linux ld.so
configure:12336: checking how to hardcode library paths into programs
configure:12361: result: immediate
configure:12909: checking whether stripping libraries is possible
configure:12914: result: yes
configure:12949: checking if libtool supports shared libraries
configure:12951: result: yes
configure:12954: checking whether to build shared libraries
configure:12979: result: yes
configure:12982: checking whether to build static libraries
configure:12986: result: no
configure:9801: checking how to run the C++ preprocessor
configure:9828: /home/qemu-sgx/devel/optee/out-br/host/bin/ccache /usr/bin/g++ -E -I/home/qemu-sgx/devel/optee/out-br/host/include conftest.cpp
configure:9828: $? = 0
configure:9842: /home/qemu-sgx/devel/optee/out-br/host/bin/ccache /usr/bin/g++ -E -I/home/qemu-sgx/devel/optee/out-br/host/include conftest.cpp
conftest.cpp:23:10: fatal error: ac_nonexistent.h: No such file or directory
   23 | #include <ac_nonexistent.h>
      |          ^~~~~~~~~~~~~~~~~~
compilation terminated.
configure:9842: $? = 1
configure: failed program was:
| /* confdefs.h */
| #define PACKAGE_NAME "libffi"
| #define PACKAGE_TARNAME "libffi"
| #define PACKAGE_VERSION "3.4.2"
| #define PACKAGE_STRING "libffi 3.4.2"
| #define PACKAGE_BUGREPORT "http://github.com/libffi/libffi/issues"
| #define PACKAGE_URL ""
| #define PACKAGE "libffi"
| #define VERSION "3.4.2"
| #define STDC_HEADERS 1
| #define HAVE_SYS_TYPES_H 1
| #define HAVE_SYS_STAT_H 1
| #define HAVE_STDLIB_H 1
| #define HAVE_STRING_H 1
| #define HAVE_MEMORY_H 1
| #define HAVE_STRINGS_H 1
| #define HAVE_INTTYPES_H 1
| #define HAVE_STDINT_H 1
| #define HAVE_UNISTD_H 1
| #define HAVE_DLFCN_H 1
| #define LT_OBJDIR ".libs/"
| /* end confdefs.h.  */
| #include <ac_nonexistent.h>
configure:9867: result: /home/qemu-sgx/devel/optee/out-br/host/bin/ccache /usr/bin/g++ -E
configure:9887: /home/qemu-sgx/devel/optee/out-br/host/bin/ccache /usr/bin/g++ -E -I/home/qemu-sgx/devel/optee/out-br/host/include conftest.cpp
configure:9887: $? = 0
configure:9901: /home/qemu-sgx/devel/optee/out-br/host/bin/ccache /usr/bin/g++ -E -I/home/qemu-sgx/devel/optee/out-br/host/include conftest.cpp
conftest.cpp:23:10: fatal error: ac_nonexistent.h: No such file or directory
   23 | #include <ac_nonexistent.h>
      |          ^~~~~~~~~~~~~~~~~~
compilation terminated.
configure:9901: $? = 1
configure: failed program was:
| /* confdefs.h */
| #define PACKAGE_NAME "libffi"
| #define PACKAGE_TARNAME "libffi"
| #define PACKAGE_VERSION "3.4.2"
| #define PACKAGE_STRING "libffi 3.4.2"
| #define PACKAGE_BUGREPORT "http://github.com/libffi/libffi/issues"
| #define PACKAGE_URL ""
| #define PACKAGE "libffi"
| #define VERSION "3.4.2"
| #define STDC_HEADERS 1
| #define HAVE_SYS_TYPES_H 1
| #define HAVE_SYS_STAT_H 1
| #define HAVE_STDLIB_H 1
| #define HAVE_STRING_H 1
| #define HAVE_MEMORY_H 1
| #define HAVE_STRINGS_H 1
| #define HAVE_INTTYPES_H 1
| #define HAVE_STDINT_H 1
| #define HAVE_UNISTD_H 1
| #define HAVE_DLFCN_H 1
| #define LT_OBJDIR ".libs/"
| /* end confdefs.h.  */
| #include <ac_nonexistent.h>
configure:10063: checking for ld used by /home/qemu-sgx/devel/optee/out-br/host/bin/ccache /usr/bin/g++
configure:10130: result: /usr/bin/ld -m elf_x86_64
configure:10137: checking if the linker (/usr/bin/ld -m elf_x86_64) is GNU ld
configure:10152: result: yes
configure:10207: checking whether the /home/qemu-sgx/devel/optee/out-br/host/bin/ccache /usr/bin/g++ linker (/usr/bin/ld -m elf_x86_64) supports shared libraries
configure:11280: result: yes
configure:11316: /home/qemu-sgx/devel/optee/out-br/host/bin/ccache /usr/bin/g++ -c -O2 -I/home/qemu-sgx/devel/optee/out-br/host/include -I/home/qemu-sgx/devel/optee/out-br/host/include conftest.cpp >&5
configure:11319: $? = 0
configure:11800: checking for /home/qemu-sgx/devel/optee/out-br/host/bin/ccache /usr/bin/g++ option to produce PIC
configure:11807: result: -fPIC -DPIC
configure:11815: checking if /home/qemu-sgx/devel/optee/out-br/host/bin/ccache /usr/bin/g++ PIC flag -fPIC -DPIC works
configure:11833: /home/qemu-sgx/devel/optee/out-br/host/bin/ccache /usr/bin/g++ -c -O2 -I/home/qemu-sgx/devel/optee/out-br/host/include -I/home/qemu-sgx/devel/optee/out-br/host/include -fPIC -DPIC -DPIC conftest.cpp >&5
configure:11837: $? = 0
configure:11850: result: yes
configure:11873: checking if /home/qemu-sgx/devel/optee/out-br/host/bin/ccache /usr/bin/g++ static flag -static works
configure:11901: result: yes
configure:11913: checking if /home/qemu-sgx/devel/optee/out-br/host/bin/ccache /usr/bin/g++ supports -c -o file.o
configure:11934: /home/qemu-sgx/devel/optee/out-br/host/bin/ccache /usr/bin/g++ -c -O2 -I/home/qemu-sgx/devel/optee/out-br/host/include -I/home/qemu-sgx/devel/optee/out-br/host/include -o out/conftest2.o conftest.cpp >&5
configure:11938: $? = 0
configure:11960: result: yes
configure:11965: checking if /home/qemu-sgx/devel/optee/out-br/host/bin/ccache /usr/bin/g++ supports -c -o file.o
configure:12012: result: yes
configure:12042: checking whether the /home/qemu-sgx/devel/optee/out-br/host/bin/ccache /usr/bin/g++ linker (/usr/bin/ld -m elf_x86_64) supports shared libraries
configure:12082: result: yes
configure:12223: checking dynamic linker characteristics
configure:12968: result: GNU/Linux ld.so
configure:13033: checking how to hardcode library paths into programs
configure:13058: result: immediate
configure:12010: checking for readelf
configure:12026: found /usr/bin/readelf
configure:12037: result: readelf
configure:12065: checking size of size_t
configure:12070: /home/qemu-sgx/devel/optee/out-br/host/bin/ccache /usr/bin/gcc -o conftest -O2 -I/home/qemu-sgx/devel/optee/out-br/host/include -I/home/qemu-sgx/devel/optee/out-br/host/include -L/home/qemu-sgx/devel/optee/out-br/host/lib -Wl,-rpath,/home/qemu-sgx/devel/optee/out-br/host/lib conftest.c  >&5
configure:12070: $? = 0
configure:12070: ./conftest
configure:12070: $? = 0
configure:12084: result: 8
configure:12095: checking for C compiler vendor
configure:12143: /home/qemu-sgx/devel/optee/out-br/host/bin/ccache /usr/bin/gcc -c -O2 -I/home/qemu-sgx/devel/optee/out-br/host/include -I/home/qemu-sgx/devel/optee/out-br/host/include conftest.c >&5
conftest.c: In function 'main':
conftest.c:30:9: error: 'thisisanerror' undeclared (first use in this function)
   30 |         thisisanerror;
      |         ^~~~~~~~~~~~~
conftest.c:30:9: note: each undeclared identifier is reported only once for each function it appears in
configure:12143: $? = 1
configure: failed program was:
| /* confdefs.h */
| #define PACKAGE_NAME "libffi"
| #define PACKAGE_TARNAME "libffi"
| #define PACKAGE_VERSION "3.4.2"
| #define PACKAGE_STRING "libffi 3.4.2"
| #define PACKAGE_BUGREPORT "http://github.com/libffi/libffi/issues"
| #define PACKAGE_URL ""
| #define PACKAGE "libffi"
| #define VERSION "3.4.2"
| #define STDC_HEADERS 1
| #define HAVE_SYS_TYPES_H 1
| #define HAVE_SYS_STAT_H 1
| #define HAVE_STDLIB_H 1
| #define HAVE_STRING_H 1
| #define HAVE_MEMORY_H 1
| #define HAVE_STRINGS_H 1
| #define HAVE_INTTYPES_H 1
| #define HAVE_STDINT_H 1
| #define HAVE_UNISTD_H 1
| #define HAVE_DLFCN_H 1
| #define LT_OBJDIR ".libs/"
| #define SIZEOF_SIZE_T 8
| /* end confdefs.h.  */
| 
| int
| main ()
| {
| 
|       #if !(defined(__ICC) || defined(__ECC) || defined(__INTEL_COMPILER))
|         thisisanerror;
|       #endif
| 
|   ;
|   return 0;
| }
configure:12143: /home/qemu-sgx/devel/optee/out-br/host/bin/ccache /usr/bin/gcc -c -O2 -I/home/qemu-sgx/devel/optee/out-br/host/include -I/home/qemu-sgx/devel/optee/out-br/host/include conftest.c >&5
conftest.c: In function 'main':
conftest.c:30:9: error: 'thisisanerror' undeclared (first use in this function)
   30 |         thisisanerror;
      |         ^~~~~~~~~~~~~
conftest.c:30:9: note: each undeclared identifier is reported only once for each function it appears in
configure:12143: $? = 1
configure: failed program was:
| /* confdefs.h */
| #define PACKAGE_NAME "libffi"
| #define PACKAGE_TARNAME "libffi"
| #define PACKAGE_VERSION "3.4.2"
| #define PACKAGE_STRING "libffi 3.4.2"
| #define PACKAGE_BUGREPORT "http://github.com/libffi/libffi/issues"
| #define PACKAGE_URL ""
| #define PACKAGE "libffi"
| #define VERSION "3.4.2"
| #define STDC_HEADERS 1
| #define HAVE_SYS_TYPES_H 1
| #define HAVE_SYS_STAT_H 1
| #define HAVE_STDLIB_H 1
| #define HAVE_STRING_H 1
| #define HAVE_MEMORY_H 1
| #define HAVE_STRINGS_H 1
| #define HAVE_INTTYPES_H 1
| #define HAVE_STDINT_H 1
| #define HAVE_UNISTD_H 1
| #define HAVE_DLFCN_H 1
| #define LT_OBJDIR ".libs/"
| #define SIZEOF_SIZE_T 8
| /* end confdefs.h.  */
| 
| int
| main ()
| {
| 
|       #if !(defined(__xlc__) || defined(__xlC__) || defined(__IBMC__) || defined(__IBMCPP__))
|         thisisanerror;
|       #endif
| 
|   ;
|   return 0;
| }
configure:12143: /home/qemu-sgx/devel/optee/out-br/host/bin/ccache /usr/bin/gcc -c -O2 -I/home/qemu-sgx/devel/optee/out-br/host/include -I/home/qemu-sgx/devel/optee/out-br/host/include conftest.c >&5
conftest.c: In function 'main':
conftest.c:30:9: error: 'thisisanerror' undeclared (first use in this function)
   30 |         thisisanerror;
      |         ^~~~~~~~~~~~~
conftest.c:30:9: note: each undeclared identifier is reported only once for each function it appears in
configure:12143: $? = 1
configure: failed program was:
| /* confdefs.h */
| #define PACKAGE_NAME "libffi"
| #define PACKAGE_TARNAME "libffi"
| #define PACKAGE_VERSION "3.4.2"
| #define PACKAGE_STRING "libffi 3.4.2"
| #define PACKAGE_BUGREPORT "http://github.com/libffi/libffi/issues"
| #define PACKAGE_URL ""
| #define PACKAGE "libffi"
| #define VERSION "3.4.2"
| #define STDC_HEADERS 1
| #define HAVE_SYS_TYPES_H 1
| #define HAVE_SYS_STAT_H 1
| #define HAVE_STDLIB_H 1
| #define HAVE_STRING_H 1
| #define HAVE_MEMORY_H 1
| #define HAVE_STRINGS_H 1
| #define HAVE_INTTYPES_H 1
| #define HAVE_STDINT_H 1
| #define HAVE_UNISTD_H 1
| #define HAVE_DLFCN_H 1
| #define LT_OBJDIR ".libs/"
| #define SIZEOF_SIZE_T 8
| /* end confdefs.h.  */
| 
| int
| main ()
| {
| 
|       #if !(defined(__PATHCC__) || defined(__PATHSCALE__))
|         thisisanerror;
|       #endif
| 
|   ;
|   return 0;
| }
configure:12143: /home/qemu-sgx/devel/optee/out-br/host/bin/ccache /usr/bin/gcc -c -O2 -I/home/qemu-sgx/devel/optee/out-br/host/include -I/home/qemu-sgx/devel/optee/out-br/host/include conftest.c >&5
conftest.c: In function 'main':
conftest.c:30:9: error: 'thisisanerror' undeclared (first use in this function)
   30 |         thisisanerror;
      |         ^~~~~~~~~~~~~
conftest.c:30:9: note: each undeclared identifier is reported only once for each function it appears in
configure:12143: $? = 1
configure: failed program was:
| /* confdefs.h */
| #define PACKAGE_NAME "libffi"
| #define PACKAGE_TARNAME "libffi"
| #define PACKAGE_VERSION "3.4.2"
| #define PACKAGE_STRING "libffi 3.4.2"
| #define PACKAGE_BUGREPORT "http://github.com/libffi/libffi/issues"
| #define PACKAGE_URL ""
| #define PACKAGE "libffi"
| #define VERSION "3.4.2"
| #define STDC_HEADERS 1
| #define HAVE_SYS_TYPES_H 1
| #define HAVE_SYS_STAT_H 1
| #define HAVE_STDLIB_H 1
| #define HAVE_STRING_H 1
| #define HAVE_MEMORY_H 1
| #define HAVE_STRINGS_H 1
| #define HAVE_INTTYPES_H 1
| #define HAVE_STDINT_H 1
| #define HAVE_UNISTD_H 1
| #define HAVE_DLFCN_H 1
| #define LT_OBJDIR ".libs/"
| #define SIZEOF_SIZE_T 8
| /* end confdefs.h.  */
| 
| int
| main ()
| {
| 
|       #if !(defined(__clang__))
|         thisisanerror;
|       #endif
| 
|   ;
|   return 0;
| }
configure:12143: /home/qemu-sgx/devel/optee/out-br/host/bin/ccache /usr/bin/gcc -c -O2 -I/home/qemu-sgx/devel/optee/out-br/host/include -I/home/qemu-sgx/devel/optee/out-br/host/include conftest.c >&5
conftest.c: In function 'main':
conftest.c:30:9: error: 'thisisanerror' undeclared (first use in this function)
   30 |         thisisanerror;
      |         ^~~~~~~~~~~~~
conftest.c:30:9: note: each undeclared identifier is reported only once for each function it appears in
configure:12143: $? = 1
configure: failed program was:
| /* confdefs.h */
| #define PACKAGE_NAME "libffi"
| #define PACKAGE_TARNAME "libffi"
| #define PACKAGE_VERSION "3.4.2"
| #define PACKAGE_STRING "libffi 3.4.2"
| #define PACKAGE_BUGREPORT "http://github.com/libffi/libffi/issues"
| #define PACKAGE_URL ""
| #define PACKAGE "libffi"
| #define VERSION "3.4.2"
| #define STDC_HEADERS 1
| #define HAVE_SYS_TYPES_H 1
| #define HAVE_SYS_STAT_H 1
| #define HAVE_STDLIB_H 1
| #define HAVE_STRING_H 1
| #define HAVE_MEMORY_H 1
| #define HAVE_STRINGS_H 1
| #define HAVE_INTTYPES_H 1
| #define HAVE_STDINT_H 1
| #define HAVE_UNISTD_H 1
| #define HAVE_DLFCN_H 1
| #define LT_OBJDIR ".libs/"
| #define SIZEOF_SIZE_T 8
| /* end confdefs.h.  */
| 
| int
| main ()
| {
| 
|       #if !(defined(_CRAYC))
|         thisisanerror;
|       #endif
| 
|   ;
|   return 0;
| }
configure:12143: /home/qemu-sgx/devel/optee/out-br/host/bin/ccache /usr/bin/gcc -c -O2 -I/home/qemu-sgx/devel/optee/out-br/host/include -I/home/qemu-sgx/devel/optee/out-br/host/include conftest.c >&5
conftest.c: In function 'main':
conftest.c:30:9: error: 'thisisanerror' undeclared (first use in this function)
   30 |         thisisanerror;
      |         ^~~~~~~~~~~~~
conftest.c:30:9: note: each undeclared identifier is reported only once for each function it appears in
configure:12143: $? = 1
configure: failed program was:
| /* confdefs.h */
| #define PACKAGE_NAME "libffi"
| #define PACKAGE_TARNAME "libffi"
| #define PACKAGE_VERSION "3.4.2"
| #define PACKAGE_STRING "libffi 3.4.2"
| #define PACKAGE_BUGREPORT "http://github.com/libffi/libffi/issues"
| #define PACKAGE_URL ""
| #define PACKAGE "libffi"
| #define VERSION "3.4.2"
| #define STDC_HEADERS 1
| #define HAVE_SYS_TYPES_H 1
| #define HAVE_SYS_STAT_H 1
| #define HAVE_STDLIB_H 1
| #define HAVE_STRING_H 1
| #define HAVE_MEMORY_H 1
| #define HAVE_STRINGS_H 1
| #define HAVE_INTTYPES_H 1
| #define HAVE_STDINT_H 1
| #define HAVE_UNISTD_H 1
| #define HAVE_DLFCN_H 1
| #define LT_OBJDIR ".libs/"
| #define SIZEOF_SIZE_T 8
| /* end confdefs.h.  */
| 
| int
| main ()
| {
| 
|       #if !(defined(__FUJITSU))
|         thisisanerror;
|       #endif
| 
|   ;
|   return 0;
| }
configure:12143: /home/qemu-sgx/devel/optee/out-br/host/bin/ccache /usr/bin/gcc -c -O2 -I/home/qemu-sgx/devel/optee/out-br/host/include -I/home/qemu-sgx/devel/optee/out-br/host/include conftest.c >&5
conftest.c: In function 'main':
conftest.c:29:38: error: operator "defined" requires an identifier
   29 |       #if !(defined(SDCC) || defined())
      |                                      ^
conftest.c:30:9: error: 'thisisanerror' undeclared (first use in this function)
   30 |         thisisanerror;
      |         ^~~~~~~~~~~~~
conftest.c:30:9: note: each undeclared identifier is reported only once for each function it appears in
configure:12143: $? = 1
configure: failed program was:
| /* confdefs.h */
| #define PACKAGE_NAME "libffi"
| #define PACKAGE_TARNAME "libffi"
| #define PACKAGE_VERSION "3.4.2"
| #define PACKAGE_STRING "libffi 3.4.2"
| #define PACKAGE_BUGREPORT "http://github.com/libffi/libffi/issues"
| #define PACKAGE_URL ""
| #define PACKAGE "libffi"
| #define VERSION "3.4.2"
| #define STDC_HEADERS 1
| #define HAVE_SYS_TYPES_H 1
| #define HAVE_SYS_STAT_H 1
| #define HAVE_STDLIB_H 1
| #define HAVE_STRING_H 1
| #define HAVE_MEMORY_H 1
| #define HAVE_STRINGS_H 1
| #define HAVE_INTTYPES_H 1
| #define HAVE_STDINT_H 1
| #define HAVE_UNISTD_H 1
| #define HAVE_DLFCN_H 1
| #define LT_OBJDIR ".libs/"
| #define SIZEOF_SIZE_T 8
| /* end confdefs.h.  */
| 
| int
| main ()
| {
| 
|       #if !(defined(SDCC) || defined())
|         thisisanerror;
|       #endif
| 
|   ;
|   return 0;
| }
configure:12143: /home/qemu-sgx/devel/optee/out-br/host/bin/ccache /usr/bin/gcc -c -O2 -I/home/qemu-sgx/devel/optee/out-br/host/include -I/home/qemu-sgx/devel/optee/out-br/host/include conftest.c >&5
conftest.c: In function 'main':
conftest.c:30:9: error: 'thisisanerror' undeclared (first use in this function)
   30 |         thisisanerror;
      |         ^~~~~~~~~~~~~
conftest.c:30:9: note: each undeclared identifier is reported only once for each function it appears in
configure:12143: $? = 1
configure: failed program was:
| /* confdefs.h */
| #define PACKAGE_NAME "libffi"
| #define PACKAGE_TARNAME "libffi"
| #define PACKAGE_VERSION "3.4.2"
| #define PACKAGE_STRING "libffi 3.4.2"
| #define PACKAGE_BUGREPORT "http://github.com/libffi/libffi/issues"
| #define PACKAGE_URL ""
| #define PACKAGE "libffi"
| #define VERSION "3.4.2"
| #define STDC_HEADERS 1
| #define HAVE_SYS_TYPES_H 1
| #define HAVE_SYS_STAT_H 1
| #define HAVE_STDLIB_H 1
| #define HAVE_STRING_H 1
| #define HAVE_MEMORY_H 1
| #define HAVE_STRINGS_H 1
| #define HAVE_INTTYPES_H 1
| #define HAVE_STDINT_H 1
| #define HAVE_UNISTD_H 1
| #define HAVE_DLFCN_H 1
| #define LT_OBJDIR ".libs/"
| #define SIZEOF_SIZE_T 8
| /* end confdefs.h.  */
| 
| int
| main ()
| {
| 
|       #if !(defined(__SDCC))
|         thisisanerror;
|       #endif
| 
|   ;
|   return 0;
| }
configure:12143: /home/qemu-sgx/devel/optee/out-br/host/bin/ccache /usr/bin/gcc -c -O2 -I/home/qemu-sgx/devel/optee/out-br/host/include -I/home/qemu-sgx/devel/optee/out-br/host/include conftest.c >&5
configure:12143: $? = 0
configure:12151: result: gnu
configure:12994: checking CFLAGS for maximum warnings
configure:13014: /home/qemu-sgx/devel/optee/out-br/host/bin/ccache /usr/bin/gcc -c -O2 -I/home/qemu-sgx/devel/optee/out-br/host/include -warn all  -warn all -I/home/qemu-sgx/devel/optee/out-br/host/include conftest.c >&5
gcc: error: all: No such file or directory
gcc: error: all: No such file or directory
gcc: error: unrecognized command line option '-warn'; did you mean '--warn-'?
gcc: error: unrecognized command line option '-warn'; did you mean '--warn-'?
configure:13014: $? = 1
configure: failed program was:
| /* confdefs.h */
| #define PACKAGE_NAME "libffi"
| #define PACKAGE_TARNAME "libffi"
| #define PACKAGE_VERSION "3.4.2"
| #define PACKAGE_STRING "libffi 3.4.2"
| #define PACKAGE_BUGREPORT "http://github.com/libffi/libffi/issues"
| #define PACKAGE_URL ""
| #define PACKAGE "libffi"
| #define VERSION "3.4.2"
| #define STDC_HEADERS 1
| #define HAVE_SYS_TYPES_H 1
| #define HAVE_SYS_STAT_H 1
| #define HAVE_STDLIB_H 1
| #define HAVE_STRING_H 1
| #define HAVE_MEMORY_H 1
| #define HAVE_STRINGS_H 1
| #define HAVE_INTTYPES_H 1
| #define HAVE_STDINT_H 1
| #define HAVE_UNISTD_H 1
| #define HAVE_DLFCN_H 1
| #define LT_OBJDIR ".libs/"
| #define SIZEOF_SIZE_T 8
| /* end confdefs.h.  */
| 
| int
| main ()
| {
| 
|   ;
|   return 0;
| }
configure:13014: /home/qemu-sgx/devel/optee/out-br/host/bin/ccache /usr/bin/gcc -c -O2 -I/home/qemu-sgx/devel/optee/out-br/host/include -pedantic  -Wall -I/home/qemu-sgx/devel/optee/out-br/host/include conftest.c >&5
configure:13014: $? = 0
configure:13022: result: -Wall
configure:13042: : CFLAGS="$CFLAGS"
configure:13045: $? = 0
configure:13083: checking whether to enable maintainer-specific portions of Makefiles
configure:13092: result: no
configure:13108: checking sys/memfd.h usability
configure:13108: /home/qemu-sgx/devel/optee/out-br/host/bin/ccache /usr/bin/gcc -c -O2 -I/home/qemu-sgx/devel/optee/out-br/host/include -Wall -fexceptions -I/home/qemu-sgx/devel/optee/out-br/host/include conftest.c >&5
conftest.c:57:10: fatal error: sys/memfd.h: No such file or directory
   57 | #include <sys/memfd.h>
      |          ^~~~~~~~~~~~~
compilation terminated.
configure:13108: $? = 1
configure: failed program was:
| /* confdefs.h */
| #define PACKAGE_NAME "libffi"
| #define PACKAGE_TARNAME "libffi"
| #define PACKAGE_VERSION "3.4.2"
| #define PACKAGE_STRING "libffi 3.4.2"
| #define PACKAGE_BUGREPORT "http://github.com/libffi/libffi/issues"
| #define PACKAGE_URL ""
| #define PACKAGE "libffi"
| #define VERSION "3.4.2"
| #define STDC_HEADERS 1
| #define HAVE_SYS_TYPES_H 1
| #define HAVE_SYS_STAT_H 1
| #define HAVE_STDLIB_H 1
| #define HAVE_STRING_H 1
| #define HAVE_MEMORY_H 1
| #define HAVE_STRINGS_H 1
| #define HAVE_INTTYPES_H 1
| #define HAVE_STDINT_H 1
| #define HAVE_UNISTD_H 1
| #define HAVE_DLFCN_H 1
| #define LT_OBJDIR ".libs/"
| #define SIZEOF_SIZE_T 8
| /* end confdefs.h.  */
| #include <stdio.h>
| #ifdef HAVE_SYS_TYPES_H
| # include <sys/types.h>
| #endif
| #ifdef HAVE_SYS_STAT_H
| # include <sys/stat.h>
| #endif
| #ifdef STDC_HEADERS
| # include <stdlib.h>
| # include <stddef.h>
| #else
| # ifdef HAVE_STDLIB_H
| #  include <stdlib.h>
| # endif
| #endif
| #ifdef HAVE_STRING_H
| # if !defined STDC_HEADERS && defined HAVE_MEMORY_H
| #  include <memory.h>
| # endif
| # include <string.h>
| #endif
| #ifdef HAVE_STRINGS_H
| # include <strings.h>
| #endif
| #ifdef HAVE_INTTYPES_H
| # include <inttypes.h>
| #endif
| #ifdef HAVE_STDINT_H
| # include <stdint.h>
| #endif
| #ifdef HAVE_UNISTD_H
| # include <unistd.h>
| #endif
| #include <sys/memfd.h>
configure:13108: result: no
configure:13108: checking sys/memfd.h presence
configure:13108: /usr/bin/cpp -I/home/qemu-sgx/devel/optee/out-br/host/include conftest.c
conftest.c:24:10: fatal error: sys/memfd.h: No such file or directory
   24 | #include <sys/memfd.h>
      |          ^~~~~~~~~~~~~
compilation terminated.
configure:13108: $? = 1
configure: failed program was:
| /* confdefs.h */
| #define PACKAGE_NAME "libffi"
| #define PACKAGE_TARNAME "libffi"
| #define PACKAGE_VERSION "3.4.2"
| #define PACKAGE_STRING "libffi 3.4.2"
| #define PACKAGE_BUGREPORT "http://github.com/libffi/libffi/issues"
| #define PACKAGE_URL ""
| #define PACKAGE "libffi"
| #define VERSION "3.4.2"
| #define STDC_HEADERS 1
| #define HAVE_SYS_TYPES_H 1
| #define HAVE_SYS_STAT_H 1
| #define HAVE_STDLIB_H 1
| #define HAVE_STRING_H 1
| #define HAVE_MEMORY_H 1
| #define HAVE_STRINGS_H 1
| #define HAVE_INTTYPES_H 1
| #define HAVE_STDINT_H 1
| #define HAVE_UNISTD_H 1
| #define HAVE_DLFCN_H 1
| #define LT_OBJDIR ".libs/"
| #define SIZEOF_SIZE_T 8
| /* end confdefs.h.  */
| #include <sys/memfd.h>
configure:13108: result: no
configure:13108: checking for sys/memfd.h
configure:13108: result: no
configure:13120: checking for memfd_create
configure:13120: /home/qemu-sgx/devel/optee/out-br/host/bin/ccache /usr/bin/gcc -o conftest -O2 -I/home/qemu-sgx/devel/optee/out-br/host/include -Wall -fexceptions -I/home/qemu-sgx/devel/optee/out-br/host/include -L/home/qemu-sgx/devel/optee/out-br/host/lib -Wl,-rpath,/home/qemu-sgx/devel/optee/out-br/host/lib conftest.c  >&5
configure:13120: $? = 0
configure:13120: result: yes
configure:13132: checking sys/mman.h usability
configure:13132: /home/qemu-sgx/devel/optee/out-br/host/bin/ccache /usr/bin/gcc -c -O2 -I/home/qemu-sgx/devel/optee/out-br/host/include -Wall -fexceptions -I/home/qemu-sgx/devel/optee/out-br/host/include conftest.c >&5
configure:13132: $? = 0
configure:13132: result: yes
configure:13132: checking sys/mman.h presence
configure:13132: /usr/bin/cpp -I/home/qemu-sgx/devel/optee/out-br/host/include conftest.c
configure:13132: $? = 0
configure:13132: result: yes
configure:13132: checking for sys/mman.h
configure:13132: result: yes
configure:13145: checking for mmap
configure:13145: /home/qemu-sgx/devel/optee/out-br/host/bin/ccache /usr/bin/gcc -o conftest -O2 -I/home/qemu-sgx/devel/optee/out-br/host/include -Wall -fexceptions -I/home/qemu-sgx/devel/optee/out-br/host/include -L/home/qemu-sgx/devel/optee/out-br/host/lib -Wl,-rpath,/home/qemu-sgx/devel/optee/out-br/host/lib conftest.c  >&5
configure:13145: $? = 0
configure:13145: result: yes
configure:13145: checking for mkostemp
configure:13145: /home/qemu-sgx/devel/optee/out-br/host/bin/ccache /usr/bin/gcc -o conftest -O2 -I/home/qemu-sgx/devel/optee/out-br/host/include -Wall -fexceptions -I/home/qemu-sgx/devel/optee/out-br/host/include -L/home/qemu-sgx/devel/optee/out-br/host/lib -Wl,-rpath,/home/qemu-sgx/devel/optee/out-br/host/lib conftest.c  >&5
configure:13145: $? = 0
configure:13145: result: yes
configure:13145: checking for mkstemp
configure:13145: /home/qemu-sgx/devel/optee/out-br/host/bin/ccache /usr/bin/gcc -o conftest -O2 -I/home/qemu-sgx/devel/optee/out-br/host/include -Wall -fexceptions -I/home/qemu-sgx/devel/optee/out-br/host/include -L/home/qemu-sgx/devel/optee/out-br/host/lib -Wl,-rpath,/home/qemu-sgx/devel/optee/out-br/host/lib conftest.c  >&5
configure:13145: $? = 0
configure:13145: result: yes
configure:13155: checking for sys/mman.h
configure:13155: result: yes
configure:13163: checking for mmap
configure:13163: result: yes
configure:13176: checking whether read-only mmap of a plain file works
configure:13193: result: yes
configure:13195: checking whether mmap from /dev/zero works
configure:13217: result: yes
configure:13221: checking for MAP_ANON(YMOUS)
configure:13244: /home/qemu-sgx/devel/optee/out-br/host/bin/ccache /usr/bin/gcc -c -O2 -I/home/qemu-sgx/devel/optee/out-br/host/include -Wall -fexceptions -I/home/qemu-sgx/devel/optee/out-br/host/include conftest.c >&5
conftest.c: In function 'main':
conftest.c:40:5: warning: unused variable 'n' [-Wunused-variable]
   40 | int n = MAP_ANONYMOUS;
      |     ^
configure:13244: $? = 0
configure:13251: result: yes
configure:13257: checking whether mmap with MAP_ANON(YMOUS) works
configure:13274: result: yes
configure:13317: checking for ANSI C header files
configure:13421: result: yes
configure:13431: checking for memcpy
configure:13431: /home/qemu-sgx/devel/optee/out-br/host/bin/ccache /usr/bin/gcc -o conftest -O2 -I/home/qemu-sgx/devel/optee/out-br/host/include -Wall -fexceptions -I/home/qemu-sgx/devel/optee/out-br/host/include -L/home/qemu-sgx/devel/optee/out-br/host/lib -Wl,-rpath,/home/qemu-sgx/devel/optee/out-br/host/lib conftest.c  >&5
conftest.c:56:6: warning: conflicting types for built-in function 'memcpy'; expected 'void *(void *, const void *, long unsigned int)' [-Wbuiltin-declaration-mismatch]
   56 | char memcpy ();
      |      ^~~~~~
conftest.c:44:1: note: 'memcpy' is declared in header '<string.h>'
   43 | # include <limits.h>
   44 | #else
configure:13431: $? = 0
configure:13431: result: yes
configure:13440: checking for size_t
configure:13440: /home/qemu-sgx/devel/optee/out-br/host/bin/ccache /usr/bin/gcc -c -O2 -I/home/qemu-sgx/devel/optee/out-br/host/include -Wall -fexceptions -I/home/qemu-sgx/devel/optee/out-br/host/include conftest.c >&5
configure:13440: $? = 0
configure:13440: /home/qemu-sgx/devel/optee/out-br/host/bin/ccache /usr/bin/gcc -c -O2 -I/home/qemu-sgx/devel/optee/out-br/host/include -Wall -fexceptions -I/home/qemu-sgx/devel/optee/out-br/host/include conftest.c >&5
conftest.c: In function 'main':
conftest.c:70:21: error: expected expression before ')' token
   70 | if (sizeof ((size_t)))
      |                     ^
configure:13440: $? = 1
configure: failed program was:
| /* confdefs.h */
| #define PACKAGE_NAME "libffi"
| #define PACKAGE_TARNAME "libffi"
| #define PACKAGE_VERSION "3.4.2"
| #define PACKAGE_STRING "libffi 3.4.2"
| #define PACKAGE_BUGREPORT "http://github.com/libffi/libffi/issues"
| #define PACKAGE_URL ""
| #define PACKAGE "libffi"
| #define VERSION "3.4.2"
| #define STDC_HEADERS 1
| #define HAVE_SYS_TYPES_H 1
| #define HAVE_SYS_STAT_H 1
| #define HAVE_STDLIB_H 1
| #define HAVE_STRING_H 1
| #define HAVE_MEMORY_H 1
| #define HAVE_STRINGS_H 1
| #define HAVE_INTTYPES_H 1
| #define HAVE_STDINT_H 1
| #define HAVE_UNISTD_H 1
| #define HAVE_DLFCN_H 1
| #define LT_OBJDIR ".libs/"
| #define SIZEOF_SIZE_T 8
| #define HAVE_MEMFD_CREATE 1
| #define HAVE_SYS_MMAN_H 1
| #define HAVE_MMAP 1
| #define HAVE_MKOSTEMP 1
| #define HAVE_MKSTEMP 1
| #define HAVE_MMAP_FILE 1
| #define HAVE_MMAP_DEV_ZERO 1
| #define HAVE_MMAP_ANON 1
| #define STDC_HEADERS 1
| #define HAVE_MEMCPY 1
| /* end confdefs.h.  */
| #include <stdio.h>
| #ifdef HAVE_SYS_TYPES_H
| # include <sys/types.h>
| #endif
| #ifdef HAVE_SYS_STAT_H
| # include <sys/stat.h>
| #endif
| #ifdef STDC_HEADERS
| # include <stdlib.h>
| # include <stddef.h>
| #else
| # ifdef HAVE_STDLIB_H
| #  include <stdlib.h>
| # endif
| #endif
| #ifdef HAVE_STRING_H
| # if !defined STDC_HEADERS && defined HAVE_MEMORY_H
| #  include <memory.h>
| # endif
| # include <string.h>
| #endif
| #ifdef HAVE_STRINGS_H
| # include <strings.h>
| #endif
| #ifdef HAVE_INTTYPES_H
| # include <inttypes.h>
| #endif
| #ifdef HAVE_STDINT_H
| # include <stdint.h>
| #endif
| #ifdef HAVE_UNISTD_H
| # include <unistd.h>
| #endif
| int
| main ()
| {
| if (sizeof ((size_t)))
| 	    return 0;
|   ;
|   return 0;
| }
configure:13440: result: yes
configure:13453: checking for working alloca.h
configure:13470: /home/qemu-sgx/devel/optee/out-br/host/bin/ccache /usr/bin/gcc -o conftest -O2 -I/home/qemu-sgx/devel/optee/out-br/host/include -Wall -fexceptions -I/home/qemu-sgx/devel/optee/out-br/host/include -L/home/qemu-sgx/devel/optee/out-br/host/lib -Wl,-rpath,/home/qemu-sgx/devel/optee/out-br/host/lib conftest.c  >&5
configure:13470: $? = 0
configure:13478: result: yes
configure:13486: checking for alloca
configure:13523: /home/qemu-sgx/devel/optee/out-br/host/bin/ccache /usr/bin/gcc -o conftest -O2 -I/home/qemu-sgx/devel/optee/out-br/host/include -Wall -fexceptions -I/home/qemu-sgx/devel/optee/out-br/host/include -L/home/qemu-sgx/devel/optee/out-br/host/lib -Wl,-rpath,/home/qemu-sgx/devel/optee/out-br/host/lib conftest.c  >&5
configure:13523: $? = 0
configure:13531: result: yes
configure:13642: checking size of double
configure:13647: /home/qemu-sgx/devel/optee/out-br/host/bin/ccache /usr/bin/gcc -o conftest -O2 -I/home/qemu-sgx/devel/optee/out-br/host/include -Wall -fexceptions -I/home/qemu-sgx/devel/optee/out-br/host/include -L/home/qemu-sgx/devel/optee/out-br/host/lib -Wl,-rpath,/home/qemu-sgx/devel/optee/out-br/host/lib conftest.c  >&5
configure:13647: $? = 0
configure:13647: ./conftest
configure:13647: $? = 0
configure:13661: result: 8
configure:13675: checking size of long double
configure:13680: /home/qemu-sgx/devel/optee/out-br/host/bin/ccache /usr/bin/gcc -o conftest -O2 -I/home/qemu-sgx/devel/optee/out-br/host/include -Wall -fexceptions -I/home/qemu-sgx/devel/optee/out-br/host/include -L/home/qemu-sgx/devel/optee/out-br/host/lib -Wl,-rpath,/home/qemu-sgx/devel/optee/out-br/host/lib conftest.c  >&5
configure:13680: $? = 0
configure:13680: ./conftest
configure:13680: $? = 0
configure:13694: result: 16
configure:13727: checking whether byte ordering is bigendian
configure:13742: /home/qemu-sgx/devel/optee/out-br/host/bin/ccache /usr/bin/gcc -c -O2 -I/home/qemu-sgx/devel/optee/out-br/host/include -Wall -fexceptions -I/home/qemu-sgx/devel/optee/out-br/host/include conftest.c >&5
conftest.c:40:9: error: unknown type name 'not'
   40 |         not a universal capable compiler
      |         ^~~
conftest.c:40:15: error: expected '=', ',', ';', 'asm' or '__attribute__' before 'universal'
   40 |         not a universal capable compiler
      |               ^~~~~~~~~
conftest.c:40:15: error: unknown type name 'universal'
configure:13742: $? = 1
configure: failed program was:
| /* confdefs.h */
| #define PACKAGE_NAME "libffi"
| #define PACKAGE_TARNAME "libffi"
| #define PACKAGE_VERSION "3.4.2"
| #define PACKAGE_STRING "libffi 3.4.2"
| #define PACKAGE_BUGREPORT "http://github.com/libffi/libffi/issues"
| #define PACKAGE_URL ""
| #define PACKAGE "libffi"
| #define VERSION "3.4.2"
| #define STDC_HEADERS 1
| #define HAVE_SYS_TYPES_H 1
| #define HAVE_SYS_STAT_H 1
| #define HAVE_STDLIB_H 1
| #define HAVE_STRING_H 1
| #define HAVE_MEMORY_H 1
| #define HAVE_STRINGS_H 1
| #define HAVE_INTTYPES_H 1
| #define HAVE_STDINT_H 1
| #define HAVE_UNISTD_H 1
| #define HAVE_DLFCN_H 1
| #define LT_OBJDIR ".libs/"
| #define SIZEOF_SIZE_T 8
| #define HAVE_MEMFD_CREATE 1
| #define HAVE_SYS_MMAN_H 1
| #define HAVE_MMAP 1
| #define HAVE_MKOSTEMP 1
| #define HAVE_MKSTEMP 1
| #define HAVE_MMAP_FILE 1
| #define HAVE_MMAP_DEV_ZERO 1
| #define HAVE_MMAP_ANON 1
| #define STDC_HEADERS 1
| #define HAVE_MEMCPY 1
| #define HAVE_ALLOCA_H 1
| #define HAVE_ALLOCA 1
| #define SIZEOF_DOUBLE 8
| #define SIZEOF_LONG_DOUBLE 16
| #define HAVE_LONG_DOUBLE 1
| /* end confdefs.h.  */
| #ifndef __APPLE_CC__
| 	       not a universal capable compiler
| 	     #endif
| 	     typedef int dummy;
| 
configure:13787: /home/qemu-sgx/devel/optee/out-br/host/bin/ccache /usr/bin/gcc -c -O2 -I/home/qemu-sgx/devel/optee/out-br/host/include -Wall -fexceptions -I/home/qemu-sgx/devel/optee/out-br/host/include conftest.c >&5
configure:13787: $? = 0
configure:13805: /home/qemu-sgx/devel/optee/out-br/host/bin/ccache /usr/bin/gcc -c -O2 -I/home/qemu-sgx/devel/optee/out-br/host/include -Wall -fexceptions -I/home/qemu-sgx/devel/optee/out-br/host/include conftest.c >&5
conftest.c: In function 'main':
conftest.c:46:4: error: unknown type name 'not'; did you mean 'ino_t'?
   46 |    not big endian
      |    ^~~
      |    ino_t
conftest.c:46:12: error: expected '=', ',', ';', 'asm' or '__attribute__' before 'endian'
   46 |    not big endian
      |            ^~~~~~
configure:13805: $? = 1
configure: failed program was:
| /* confdefs.h */
| #define PACKAGE_NAME "libffi"
| #define PACKAGE_TARNAME "libffi"
| #define PACKAGE_VERSION "3.4.2"
| #define PACKAGE_STRING "libffi 3.4.2"
| #define PACKAGE_BUGREPORT "http://github.com/libffi/libffi/issues"
| #define PACKAGE_URL ""
| #define PACKAGE "libffi"
| #define VERSION "3.4.2"
| #define STDC_HEADERS 1
| #define HAVE_SYS_TYPES_H 1
| #define HAVE_SYS_STAT_H 1
| #define HAVE_STDLIB_H 1
| #define HAVE_STRING_H 1
| #define HAVE_MEMORY_H 1
| #define HAVE_STRINGS_H 1
| #define HAVE_INTTYPES_H 1
| #define HAVE_STDINT_H 1
| #define HAVE_UNISTD_H 1
| #define HAVE_DLFCN_H 1
| #define LT_OBJDIR ".libs/"
| #define SIZEOF_SIZE_T 8
| #define HAVE_MEMFD_CREATE 1
| #define HAVE_SYS_MMAN_H 1
| #define HAVE_MMAP 1
| #define HAVE_MKOSTEMP 1
| #define HAVE_MKSTEMP 1
| #define HAVE_MMAP_FILE 1
| #define HAVE_MMAP_DEV_ZERO 1
| #define HAVE_MMAP_ANON 1
| #define STDC_HEADERS 1
| #define HAVE_MEMCPY 1
| #define HAVE_ALLOCA_H 1
| #define HAVE_ALLOCA 1
| #define SIZEOF_DOUBLE 8
| #define SIZEOF_LONG_DOUBLE 16
| #define HAVE_LONG_DOUBLE 1
| /* end confdefs.h.  */
| #include <sys/types.h>
| 		#include <sys/param.h>
| 
| int
| main ()
| {
| #if BYTE_ORDER != BIG_ENDIAN
| 		 not big endian
| 		#endif
| 
|   ;
|   return 0;
| }
configure:13933: result: no
configure:13952: checking assembler .cfi pseudo-op support
configure:13970: /home/qemu-sgx/devel/optee/out-br/host/bin/ccache /usr/bin/gcc -c -O2 -I/home/qemu-sgx/devel/optee/out-br/host/include -Wall -fexceptions -I/home/qemu-sgx/devel/optee/out-br/host/include conftest.c >&5
configure:13970: $? = 0
configure:13978: result: yes
configure:14065: checking assembler supports pc related relocs
configure:14078: result: yes
configure:14113: checking whether compiler supports pointer authentication
configure:14141: /home/qemu-sgx/devel/optee/out-br/host/bin/ccache /usr/bin/gcc -c -O2 -I/home/qemu-sgx/devel/optee/out-br/host/include -Wall -fexceptions -I/home/qemu-sgx/devel/optee/out-br/host/include conftest.c >&5
conftest.c: In function 'main':
conftest.c:53:3: error: #error Pointer authentication not supported
   53 | # error Pointer authentication not supported
      |   ^~~~~
configure:14141: $? = 1
configure: failed program was:
| /* confdefs.h */
| #define PACKAGE_NAME "libffi"
| #define PACKAGE_TARNAME "libffi"
| #define PACKAGE_VERSION "3.4.2"
| #define PACKAGE_STRING "libffi 3.4.2"
| #define PACKAGE_BUGREPORT "http://github.com/libffi/libffi/issues"
| #define PACKAGE_URL ""
| #define PACKAGE "libffi"
| #define VERSION "3.4.2"
| #define STDC_HEADERS 1
| #define HAVE_SYS_TYPES_H 1
| #define HAVE_SYS_STAT_H 1
| #define HAVE_STDLIB_H 1
| #define HAVE_STRING_H 1
| #define HAVE_MEMORY_H 1
| #define HAVE_STRINGS_H 1
| #define HAVE_INTTYPES_H 1
| #define HAVE_STDINT_H 1
| #define HAVE_UNISTD_H 1
| #define HAVE_DLFCN_H 1
| #define LT_OBJDIR ".libs/"
| #define SIZEOF_SIZE_T 8
| #define HAVE_MEMFD_CREATE 1
| #define HAVE_SYS_MMAN_H 1
| #define HAVE_MMAP 1
| #define HAVE_MKOSTEMP 1
| #define HAVE_MKSTEMP 1
| #define HAVE_MMAP_FILE 1
| #define HAVE_MMAP_DEV_ZERO 1
| #define HAVE_MMAP_ANON 1
| #define STDC_HEADERS 1
| #define HAVE_MEMCPY 1
| #define HAVE_ALLOCA_H 1
| #define HAVE_ALLOCA 1
| #define SIZEOF_DOUBLE 8
| #define SIZEOF_LONG_DOUBLE 16
| #define HAVE_LONG_DOUBLE 1
| #define HAVE_AS_CFI_PSEUDO_OP 1
| #define HAVE_AS_X86_PCREL 1
| /* end confdefs.h.  */
| 
| int
| main ()
| {
| 
| #ifdef __clang__
| # if __has_feature(ptrauth_calls)
| #  define HAVE_PTRAUTH 1
| # endif
| #endif
| 
| #ifndef HAVE_PTRAUTH
| # error Pointer authentication not supported
| #endif
| 
|   ;
|   return 0;
| }
configure:14149: result: no
configure:14168: checking for _ prefix in compiled symbols
configure:14178: /home/qemu-sgx/devel/optee/out-br/host/bin/ccache /usr/bin/gcc -c -O2 -I/home/qemu-sgx/devel/optee/out-br/host/include -Wall -fexceptions -I/home/qemu-sgx/devel/optee/out-br/host/include conftest.c >&5
conftest.c: In function 'main':
conftest.c:2:12: warning: statement with no effect [-Wunused-value]
    2 | int main(){nm_test_func;return 0;}
      |            ^~~~~~~~~~~~
configure:14181: $? = 0
configure:14185: /usr/bin/nm conftest.o \| sed -n -e 's/^.*[	 ]\([ABCDGIRSTW][ABCDGIRSTW]*\)[	 ][	 ]*\([_A-Za-z][_A-Za-z0-9]*\)$/\1 \2 \2/p' | sed '/ __gnu_lto/d' \> conftest.nm
configure:14188: $? = 0
configure:14210: result: no
configure:14273: checking toolchain supports unwind section type
configure:14302: result: yes
configure:14312: checking whether C compiler accepts -fno-lto
configure:14331: /home/qemu-sgx/devel/optee/out-br/host/bin/ccache /usr/bin/gcc -c -O2 -I/home/qemu-sgx/devel/optee/out-br/host/include -Wall -fexceptions  -fno-lto -I/home/qemu-sgx/devel/optee/out-br/host/include conftest.c >&5
configure:14331: $? = 0
configure:14339: result: yes
configure:14348: checking whether .eh_frame section should be read-only
configure:14364: result: yes
configure:14379: checking for __attribute__((visibility("hidden")))
configure:14388: /home/qemu-sgx/devel/optee/out-br/host/bin/ccache /usr/bin/gcc -Werror -S conftest.c -o conftest.s 1>&5
configure:14391: $? = 0
configure:14400: result: yes
configure:14557: checking for ld used by /home/qemu-sgx/devel/optee/out-br/host/bin/ccache /usr/bin/gcc
configure:14624: result: /usr/bin/ld
configure:14631: checking if the linker (/usr/bin/ld) is GNU ld
configure:14646: result: yes
configure:14820: checking for shared libgcc
configure:14835: /home/qemu-sgx/devel/optee/out-br/host/bin/ccache /usr/bin/gcc -o conftest  -lgcc_s -I/home/qemu-sgx/devel/optee/out-br/host/include -L/home/qemu-sgx/devel/optee/out-br/host/lib -Wl,-rpath,/home/qemu-sgx/devel/optee/out-br/host/lib conftest.c  >&5
configure:14835: $? = 0
configure:14873: result: yes
configure:14959: versioning on shared library symbols is gnu
configure:15072: checking that generated files are newer than configure
configure:15078: result: done
configure:15146: creating ./config.status

## ---------------------- ##
## Running config.status. ##
## ---------------------- ##

This file was extended by libffi config.status 3.4.2, which was
generated by GNU Autoconf 2.69.  Invocation command line was

  CONFIG_FILES    = 
  CONFIG_HEADERS  = 
  CONFIG_LINKS    = 
  CONFIG_COMMANDS = 
  $ ./config.status 

on qemusgx-MS-7C70

config.status:1227: creating include/Makefile
config.status:1227: creating include/ffi.h
config.status:1227: creating Makefile
config.status:1227: creating testsuite/Makefile
config.status:1227: creating man/Makefile
config.status:1227: creating doc/Makefile
config.status:1227: creating libffi.pc
config.status:1227: creating fficonfig.h
config.status:1441: executing buildir commands
config.status:1471: create top_srcdir/Makefile guessed from local Makefile
config.status:1586: build in x86_64-pc-linux-gnu (HOST=)
config.status:1441: executing depfiles commands
config.status:1441: executing libtool commands
config.status:1441: executing include commands
config.status:1441: executing src commands
configure:17717: WARNING: unrecognized options: --disable-gtk-doc, --disable-gtk-doc-html, --disable-doc, --disable-documentation, --with-xmlto, --with-fop, --disable-nls

## ---------------- ##
## Cache variables. ##
## ---------------- ##

ac_cv_build=x86_64-pc-linux-gnu
ac_cv_c_bigendian=no
ac_cv_c_compiler_gnu=yes
ac_cv_cflags_warn_all=-Wall
ac_cv_cxx_compiler_gnu=yes
ac_cv_decl_map_anon=yes
ac_cv_env_CCASFLAGS_set=
ac_cv_env_CCASFLAGS_value=
ac_cv_env_CCAS_set=
ac_cv_env_CCAS_value=
ac_cv_env_CPPFLAGS_set=set
ac_cv_env_CPPFLAGS_value=-I/home/qemu-sgx/devel/optee/out-br/host/include
ac_cv_env_CPP_set=set
ac_cv_env_CPP_value=/usr/bin/cpp
ac_cv_env_CXXCPP_set=
ac_cv_env_CXXCPP_value=
ac_cv_env_LT_SYS_LIBRARY_PATH_set=
ac_cv_env_LT_SYS_LIBRARY_PATH_value=
ac_cv_env_build_alias_set=
ac_cv_env_build_alias_value=
ac_cv_env_host_alias_set=
ac_cv_env_host_alias_value=
ac_cv_env_target_alias_set=
ac_cv_env_target_alias_value=
ac_cv_func_alloca_works=yes
ac_cv_func_memcpy=yes
ac_cv_func_memfd_create=yes
ac_cv_func_mkostemp=yes
ac_cv_func_mkstemp=yes
ac_cv_func_mmap=yes
ac_cv_func_mmap_anon=yes
ac_cv_func_mmap_dev_zero=yes
ac_cv_func_mmap_file=yes
ac_cv_header_dlfcn_h=yes
ac_cv_header_inttypes_h=yes
ac_cv_header_memory_h=yes
ac_cv_header_stdc=yes
ac_cv_header_stdint_h=yes
ac_cv_header_stdlib_h=yes
ac_cv_header_string_h=yes
ac_cv_header_strings_h=yes
ac_cv_header_sys_memfd_h=no
ac_cv_header_sys_mman_h=yes
ac_cv_header_sys_stat_h=yes
ac_cv_header_sys_types_h=yes
ac_cv_header_unistd_h=yes
ac_cv_host=x86_64-pc-linux-gnu
ac_cv_objext=o
ac_cv_path_EGREP='/usr/bin/grep -E'
ac_cv_path_FGREP='/usr/bin/grep -F'
ac_cv_path_GREP=/usr/bin/grep
ac_cv_path_SED=/usr/bin/sed
ac_cv_path_ax_enable_builddir_sed=sed
ac_cv_path_install='/usr/bin/install -c'
ac_cv_path_lt_DD=/usr/bin/dd
ac_cv_path_mkdir=/usr/bin/mkdir
ac_cv_prog_AWK=mawk
ac_cv_prog_CPP=/usr/bin/cpp
ac_cv_prog_CXXCPP='/home/qemu-sgx/devel/optee/out-br/host/bin/ccache /usr/bin/g++ -E'
ac_cv_prog_ac_ct_CC='/home/qemu-sgx/devel/optee/out-br/host/bin/ccache /usr/bin/gcc'
ac_cv_prog_ac_ct_MANIFEST_TOOL=mt
ac_cv_prog_ac_ct_OBJDUMP=objdump
ac_cv_prog_ac_ct_RANLIB=/usr/bin/ranlib
ac_cv_prog_ac_ct_READELF=readelf
ac_cv_prog_ac_ct_STRIP=strip
ac_cv_prog_cc_c89=
ac_cv_prog_cc_g=yes
ac_cv_prog_cxx_g=yes
ac_cv_prog_make_make_set=yes
ac_cv_sizeof_double=8
ac_cv_sizeof_long_double=16
ac_cv_sizeof_size_t=8
ac_cv_target=x86_64-pc-linux-gnu
ac_cv_type_size_t=yes
ac_cv_working_alloca_h=yes
am_cv_CCAS_dependencies_compiler_type=none
am_cv_CC_dependencies_compiler_type=none
am_cv_CXX_dependencies_compiler_type=none
am_cv_make_support_nested_variables=yes
am_cv_prog_cc_c_o=yes
ax_cv_c_compiler_vendor=gnu
ax_cv_check_cflags___fno_lto=yes
gcc_cv_as_cfi_pseudo_op=yes
libffi_cv_as_ptrauth=no
libffi_cv_as_x86_64_unwind_section_type=yes
libffi_cv_as_x86_pcrel=yes
libffi_cv_hidden_visibility_attribute=yes
libffi_cv_no_lto=-fno-lto
libffi_cv_ro_eh_frame=yes
lt_cv_ar_at_file=@
lt_cv_archive_cmds_need_lc=no
lt_cv_deplibs_check_method=pass_all
lt_cv_file_magic_cmd='$MAGIC_CMD'
lt_cv_file_magic_test_file=
lt_cv_ld_reload_flag=-r
lt_cv_nm_interface='BSD nm'
lt_cv_objdir=.libs
lt_cv_path_LD=/usr/bin/ld
lt_cv_path_LDCXX='/usr/bin/ld -m elf_x86_64'
lt_cv_path_NM=/usr/bin/nm
lt_cv_path_mainfest_tool=no
lt_cv_prog_compiler_c_o=yes
lt_cv_prog_compiler_c_o_CXX=yes
lt_cv_prog_compiler_pic='-fPIC -DPIC'
lt_cv_prog_compiler_pic_CXX='-fPIC -DPIC'
lt_cv_prog_compiler_pic_works=yes
lt_cv_prog_compiler_pic_works_CXX=yes
lt_cv_prog_compiler_rtti_exceptions=no
lt_cv_prog_compiler_static_works=yes
lt_cv_prog_compiler_static_works_CXX=yes
lt_cv_prog_gnu_ld=yes
lt_cv_prog_gnu_ldcxx=yes
lt_cv_sharedlib_from_linklib_cmd='printf %s\n'
lt_cv_shlibpath_overrides_runpath=yes
lt_cv_sys_global_symbol_pipe='sed -n -e '\''s/^.*[	 ]\([ABCDGIRSTW][ABCDGIRSTW]*\)[	 ][	 ]*\([_A-Za-z][_A-Za-z0-9]*\)$/\1 \2 \2/p'\'' | sed '\''/ __gnu_lto/d'\'''
lt_cv_sys_global_symbol_to_c_name_address='sed -n -e '\''s/^: \(.*\) .*$/  {"\1", (void *) 0},/p'\'' -e '\''s/^[ABCDGIRSTW][ABCDGIRSTW]* .* \(.*\)$/  {"\1", (void *) \&\1},/p'\'''
lt_cv_sys_global_symbol_to_c_name_address_lib_prefix='sed -n -e '\''s/^: \(.*\) .*$/  {"\1", (void *) 0},/p'\'' -e '\''s/^[ABCDGIRSTW][ABCDGIRSTW]* .* \(lib.*\)$/  {"\1", (void *) \&\1},/p'\'' -e '\''s/^[ABCDGIRSTW][ABCDGIRSTW]* .* \(.*\)$/  {"lib\1", (void *) \&\1},/p'\'''
lt_cv_sys_global_symbol_to_cdecl='sed -n -e '\''s/^T .* \(.*\)$/extern int \1();/p'\'' -e '\''s/^[ABCDGIRSTW][ABCDGIRSTW]* .* \(.*\)$/extern char \1;/p'\'''
lt_cv_sys_global_symbol_to_import=
lt_cv_sys_max_cmd_len=1572864
lt_cv_sys_symbol_underscore=no
lt_cv_to_host_file_cmd=func_convert_file_noop
lt_cv_to_tool_file_cmd=func_convert_file_noop
lt_cv_truncate_bin='/usr/bin/dd bs=4096 count=1'

## ----------------- ##
## Output variables. ##
## ----------------- ##

ACLOCAL='${SHELL} /home/qemu-sgx/devel/optee/out-br/build/host-libffi-3.4.2/missing aclocal-1.15'
ALLOCA=''
AMDEPBACKSLASH=''
AMDEP_FALSE=''
AMDEP_TRUE='#'
AMTAR='$${TAR-tar}'
AM_BACKSLASH='\'
AM_DEFAULT_V='$(AM_DEFAULT_VERBOSITY)'
AM_DEFAULT_VERBOSITY='1'
AM_LTLDFLAGS=''
AM_RUNTESTFLAGS=''
AM_V='$(V)'
AR='/usr/bin/ar'
AUTOCONF='${SHELL} /home/qemu-sgx/devel/optee/out-br/build/host-libffi-3.4.2/missing autoconf'
AUTOHEADER='${SHELL} /home/qemu-sgx/devel/optee/out-br/build/host-libffi-3.4.2/missing autoheader'
AUTOMAKE='${SHELL} /home/qemu-sgx/devel/optee/out-br/build/host-libffi-3.4.2/missing automake-1.15'
AWK='mawk'
BUILD_DOCS_FALSE=''
BUILD_DOCS_TRUE='#'
CC='/home/qemu-sgx/devel/optee/out-br/host/bin/ccache /usr/bin/gcc'
CCAS='/home/qemu-sgx/devel/optee/out-br/host/bin/ccache /usr/bin/gcc'
CCASDEPMODE='depmode=none'
CCASFLAGS='-O2 -I/home/qemu-sgx/devel/optee/out-br/host/include'
CCDEPMODE='depmode=none'
CFLAGS='-O2 -I/home/qemu-sgx/devel/optee/out-br/host/include -Wall -fexceptions'
CPP='/usr/bin/cpp'
CPPFLAGS='-I/home/qemu-sgx/devel/optee/out-br/host/include'
CXX='/home/qemu-sgx/devel/optee/out-br/host/bin/ccache /usr/bin/g++'
CXXCPP='/home/qemu-sgx/devel/optee/out-br/host/bin/ccache /usr/bin/g++ -E'
CXXDEPMODE='depmode=none'
CXXFLAGS='-O2 -I/home/qemu-sgx/devel/optee/out-br/host/include'
CYGPATH_W='echo'
DEFS='-DHAVE_CONFIG_H'
DEPDIR='.deps'
DLLTOOL='false'
DSYMUTIL=''
DUMPBIN=''
ECHO_C=''
ECHO_N='-n'
ECHO_T=''
EGREP='/usr/bin/grep -E'
EXEEXT=''
FFI_DEBUG_FALSE=''
FFI_DEBUG_TRUE='#'
FFI_EXEC_TRAMPOLINE_TABLE='0'
FFI_EXEC_TRAMPOLINE_TABLE_FALSE=''
FFI_EXEC_TRAMPOLINE_TABLE_TRUE='#'
FGREP='/usr/bin/grep -F'
GREP='/usr/bin/grep'
HAVE_LONG_DOUBLE='1'
HAVE_LONG_DOUBLE_VARIANT='0'
INSTALL_DATA='${INSTALL} -m 644'
INSTALL_PROGRAM='${INSTALL}'
INSTALL_SCRIPT='${INSTALL}'
INSTALL_STRIP_PROGRAM='$(install_sh) -c -s'
LD='/usr/bin/ld'
LDFLAGS='-L/home/qemu-sgx/devel/optee/out-br/host/lib -Wl,-rpath,/home/qemu-sgx/devel/optee/out-br/host/lib'
LIBFFI_BUILD_VERSIONED_SHLIB_FALSE='#'
LIBFFI_BUILD_VERSIONED_SHLIB_GNU_FALSE='#'
LIBFFI_BUILD_VERSIONED_SHLIB_GNU_TRUE=''
LIBFFI_BUILD_VERSIONED_SHLIB_SUN_FALSE=''
LIBFFI_BUILD_VERSIONED_SHLIB_SUN_TRUE='#'
LIBFFI_BUILD_VERSIONED_SHLIB_TRUE=''
LIBOBJS=''
LIBS=''
LIBTOOL='$(SHELL) $(top_builddir)/libtool'
LIPO=''
LN_S='ln -s'
LTLIBOBJS=''
LT_SYS_LIBRARY_PATH=''
MAINT='#'
MAINTAINER_MODE_FALSE=''
MAINTAINER_MODE_TRUE='#'
MAKEINFO='${SHELL} /home/qemu-sgx/devel/optee/out-br/build/host-libffi-3.4.2/missing makeinfo'
MANIFEST_TOOL=':'
MKDIR_P='/usr/bin/mkdir -p'
NM='/usr/bin/nm'
NMEDIT=''
OBJDUMP='objdump'
OBJEXT='o'
OPT_LDFLAGS='-Wl,-O1 '
OTOOL64=''
OTOOL=''
PACKAGE='libffi'
PACKAGE_BUGREPORT='http://github.com/libffi/libffi/issues'
PACKAGE_NAME='libffi'
PACKAGE_STRING='libffi 3.4.2'
PACKAGE_TARNAME='libffi'
PACKAGE_URL=''
PACKAGE_VERSION='3.4.2'
PATH_SEPARATOR=':'
PRTDIAG=''
RANLIB='/usr/bin/ranlib'
READELF='readelf'
SECTION_LDFLAGS=''
SED='/usr/bin/sed'
SET_MAKE=''
SHELL='/bin/bash'
STRIP='strip'
TARGET='X86_64'
TARGETDIR='x86'
TARGET_OBJ=' src/x86/ffi64.lo src/x86/unix64.lo src/x86/ffiw64.lo src/x86/win64.lo'
TESTSUBDIR_FALSE='#'
TESTSUBDIR_TRUE=''
VERSION='3.4.2'
ac_ct_AR=''
ac_ct_CC='/home/qemu-sgx/devel/optee/out-br/host/bin/ccache /usr/bin/gcc'
ac_ct_CXX=''
ac_ct_DUMPBIN=''
am__EXEEXT_FALSE=''
am__EXEEXT_TRUE='#'
am__fastdepCCAS_FALSE=''
am__fastdepCCAS_TRUE='#'
am__fastdepCC_FALSE=''
am__fastdepCC_TRUE='#'
am__fastdepCXX_FALSE=''
am__fastdepCXX_TRUE='#'
am__include='include'
am__isrc=' -I$(srcdir)'
am__leading_dot='.'
am__nodep=''
am__quote=''
am__tar='$${TAR-tar} chof - "$$tardir"'
am__untar='$${TAR-tar} xf -'
ax_enable_builddir_sed='sed'
bindir='${exec_prefix}/bin'
build='x86_64-pc-linux-gnu'
build_alias=''
build_cpu='x86_64'
build_os='linux-gnu'
build_vendor='pc'
datadir='${datarootdir}'
datarootdir='${prefix}/share'
docdir='${datarootdir}/doc/${PACKAGE_TARNAME}'
dvidir='${docdir}'
exec_prefix='${prefix}'
host='x86_64-pc-linux-gnu'
host_alias=''
host_cpu='x86_64'
host_os='linux-gnu'
host_vendor='pc'
htmldir='${docdir}'
includedir='${prefix}/include'
infodir='${datarootdir}/info'
install_sh='${SHELL} /home/qemu-sgx/devel/optee/out-br/build/host-libffi-3.4.2/install-sh'
libdir='${exec_prefix}/lib'
libexecdir='${exec_prefix}/libexec'
localedir='${datarootdir}/locale'
localstatedir='/home/qemu-sgx/devel/optee/out-br/host/var'
mandir='${datarootdir}/man'
mkdir_p='$(MKDIR_P)'
oldincludedir='/usr/include'
pdfdir='${docdir}'
prefix='/home/qemu-sgx/devel/optee/out-br/host'
program_transform_name='s,x,x,'
psdir='${docdir}'
sbindir='${exec_prefix}/sbin'
sharedstatedir='${prefix}/com'
sys_symbol_underscore='no'
sysconfdir='/home/qemu-sgx/devel/optee/out-br/host/etc'
target='x86_64-pc-linux-gnu'
target_alias=''
target_cpu='x86_64'
target_os='linux-gnu'
target_vendor='pc'
toolexecdir='${libdir}/gcc-lib/$(target_alias)'
toolexeclibdir='${libdir}/../lib'

## ----------- ##
## confdefs.h. ##
## ----------- ##

/* confdefs.h */
#define PACKAGE_NAME "libffi"
#define PACKAGE_TARNAME "libffi"
#define PACKAGE_VERSION "3.4.2"
#define PACKAGE_STRING "libffi 3.4.2"
#define PACKAGE_BUGREPORT "http://github.com/libffi/libffi/issues"
#define PACKAGE_URL ""
#define PACKAGE "libffi"
#define VERSION "3.4.2"
#define STDC_HEADERS 1
#define HAVE_SYS_TYPES_H 1
#define HAVE_SYS_STAT_H 1
#define HAVE_STDLIB_H 1
#define HAVE_STRING_H 1
#define HAVE_MEMORY_H 1
#define HAVE_STRINGS_H 1
#define HAVE_INTTYPES_H 1
#define HAVE_STDINT_H 1
#define HAVE_UNISTD_H 1
#define HAVE_DLFCN_H 1
#define LT_OBJDIR ".libs/"
#define SIZEOF_SIZE_T 8
#define HAVE_MEMFD_CREATE 1
#define HAVE_SYS_MMAN_H 1
#define HAVE_MMAP 1
#define HAVE_MKOSTEMP 1
#define HAVE_MKSTEMP 1
#define HAVE_MMAP_FILE 1
#define HAVE_MMAP_DEV_ZERO 1
#define HAVE_MMAP_ANON 1
#define STDC_HEADERS 1
#define HAVE_MEMCPY 1
#define HAVE_ALLOCA_H 1
#define HAVE_ALLOCA 1
#define SIZEOF_DOUBLE 8
#define SIZEOF_LONG_DOUBLE 16
#define HAVE_LONG_DOUBLE 1
#define HAVE_AS_CFI_PSEUDO_OP 1
#define HAVE_AS_X86_PCREL 1
#define HAVE_AS_X86_64_UNWIND_SECTION_TYPE 1
#define HAVE_RO_EH_FRAME 1
#define EH_FRAME_FLAGS "a"
#define HAVE_HIDDEN_VISIBILITY_ATTRIBUTE 1
#define FFI_EXEC_STATIC_TRAMP 1
#define LIBFFI_GNU_SYMBOL_VERSIONING 1

configure: exit 0

## ---------------- ##
## Cache variables. ##
## ---------------- ##

ac_cv_build=x86_64-pc-linux-gnu
ac_cv_env_CCASFLAGS_set=
ac_cv_env_CCASFLAGS_value=
ac_cv_env_CCAS_set=
ac_cv_env_CCAS_value=
ac_cv_env_CPPFLAGS_set=set
ac_cv_env_CPPFLAGS_value=-I/home/qemu-sgx/devel/optee/out-br/host/include
ac_cv_env_CPP_set=set
ac_cv_env_CPP_value=/usr/bin/cpp
ac_cv_env_CXXCPP_set=
ac_cv_env_CXXCPP_value=
ac_cv_env_LT_SYS_LIBRARY_PATH_set=
ac_cv_env_LT_SYS_LIBRARY_PATH_value=
ac_cv_env_build_alias_set=
ac_cv_env_build_alias_value=
ac_cv_env_host_alias_set=
ac_cv_env_host_alias_value=
ac_cv_env_target_alias_set=
ac_cv_env_target_alias_value=
ac_cv_host=x86_64-pc-linux-gnu
ac_cv_target=x86_64-pc-linux-gnu

## ----------------- ##
## Output variables. ##
## ----------------- ##

ACLOCAL=''
ALLOCA=''
AMDEPBACKSLASH=''
AMDEP_FALSE=''
AMDEP_TRUE=''
AMTAR=''
AM_BACKSLASH=''
AM_DEFAULT_V=''
AM_DEFAULT_VERBOSITY=''
AM_LTLDFLAGS=''
AM_RUNTESTFLAGS=''
AM_V=''
AR='/usr/bin/ar'
AUTOCONF=''
AUTOHEADER=''
AUTOMAKE=''
AWK=''
BUILD_DOCS_FALSE=''
BUILD_DOCS_TRUE=''
CC='/home/qemu-sgx/devel/optee/out-br/host/bin/ccache /usr/bin/gcc'
CCAS=''
CCASDEPMODE=''
CCASFLAGS=''
CCDEPMODE=''
CFLAGS='-O2 -I/home/qemu-sgx/devel/optee/out-br/host/include'
CPP='/usr/bin/cpp'
CPPFLAGS='-I/home/qemu-sgx/devel/optee/out-br/host/include'
CXX='/home/qemu-sgx/devel/optee/out-br/host/bin/ccache /usr/bin/g++'
CXXCPP=''
CXXDEPMODE=''
CXXFLAGS='-O2 -I/home/qemu-sgx/devel/optee/out-br/host/include'
CYGPATH_W=''
DEFS=''
DEPDIR=''
DLLTOOL=''
DSYMUTIL=''
DUMPBIN=''
ECHO_C=''
ECHO_N='-n'
ECHO_T=''
EGREP=''
EXEEXT=''
FFI_DEBUG_FALSE=''
FFI_DEBUG_TRUE=''
FFI_EXEC_TRAMPOLINE_TABLE=''
FFI_EXEC_TRAMPOLINE_TABLE_FALSE=''
FFI_EXEC_TRAMPOLINE_TABLE_TRUE=''
FGREP=''
GREP=''
HAVE_LONG_DOUBLE=''
HAVE_LONG_DOUBLE_VARIANT=''
INSTALL_DATA=''
INSTALL_PROGRAM=''
INSTALL_SCRIPT=''
INSTALL_STRIP_PROGRAM=''
LD='/usr/bin/ld'
LDFLAGS='-L/home/qemu-sgx/devel/optee/out-br/host/lib -Wl,-rpath,/home/qemu-sgx/devel/optee/out-br/host/lib'
LIBFFI_BUILD_VERSIONED_SHLIB_FALSE=''
LIBFFI_BUILD_VERSIONED_SHLIB_GNU_FALSE=''
LIBFFI_BUILD_VERSIONED_SHLIB_GNU_TRUE=''
LIBFFI_BUILD_VERSIONED_SHLIB_SUN_FALSE=''
LIBFFI_BUILD_VERSIONED_SHLIB_SUN_TRUE=''
LIBFFI_BUILD_VERSIONED_SHLIB_TRUE=''
LIBOBJS=''
LIBS=''
LIBTOOL=''
LIPO=''
LN_S=''
LTLIBOBJS=''
LT_SYS_LIBRARY_PATH=''
MAINT=''
MAINTAINER_MODE_FALSE=''
MAINTAINER_MODE_TRUE=''
MAKEINFO=''
MANIFEST_TOOL=''
MKDIR_P=''
NM='/usr/bin/nm'
NMEDIT=''
OBJDUMP=''
OBJEXT=''
OPT_LDFLAGS=''
OTOOL64=''
OTOOL=''
PACKAGE=''
PACKAGE_BUGREPORT='http://github.com/libffi/libffi/issues'
PACKAGE_NAME='libffi'
PACKAGE_STRING='libffi 3.4.2'
PACKAGE_TARNAME='libffi'
PACKAGE_URL=''
PACKAGE_VERSION='3.4.2'
PATH_SEPARATOR=':'
PRTDIAG=''
RANLIB='/usr/bin/ranlib'
READELF=''
SECTION_LDFLAGS=''
SED=''
SET_MAKE=''
SHELL='/bin/bash'
STRIP=''
TARGET='x86_64-pc-linux-gnu'
TARGETDIR=''
TARGET_OBJ=''
TESTSUBDIR_FALSE=''
TESTSUBDIR_TRUE=''
VERSION=''
ac_ct_AR=''
ac_ct_CC=''
ac_ct_CXX=''
ac_ct_DUMPBIN=''
am__EXEEXT_FALSE=''
am__EXEEXT_TRUE=''
am__fastdepCCAS_FALSE=''
am__fastdepCCAS_TRUE=''
am__fastdepCC_FALSE=''
am__fastdepCC_TRUE=''
am__fastdepCXX_FALSE=''
am__fastdepCXX_TRUE=''
am__include=''
am__isrc=''
am__leading_dot=''
am__nodep=''
am__quote=''
am__tar=''
am__untar=''
ax_enable_builddir_sed=''
bindir='${exec_prefix}/bin'
build='x86_64-pc-linux-gnu'
build_alias=''
build_cpu='x86_64'
build_os='linux-gnu'
build_vendor='pc'
datadir='${datarootdir}'
datarootdir='${prefix}/share'
docdir='${datarootdir}/doc/${PACKAGE_TARNAME}'
dvidir='${docdir}'
exec_prefix='NONE'
host='x86_64-pc-linux-gnu'
host_alias=''
host_cpu='x86_64'
host_os='linux-gnu'
host_vendor='pc'
htmldir='${docdir}'
includedir='${prefix}/include'
infodir='${datarootdir}/info'
install_sh=''
libdir='${exec_prefix}/lib'
libexecdir='${exec_prefix}/libexec'
localedir='${datarootdir}/locale'
localstatedir='/home/qemu-sgx/devel/optee/out-br/host/var'
mandir='${datarootdir}/man'
mkdir_p=''
oldincludedir='/usr/include'
pdfdir='${docdir}'
prefix='/home/qemu-sgx/devel/optee/out-br/host'
program_transform_name='s,x,x,'
psdir='${docdir}'
sbindir='${exec_prefix}/sbin'
sharedstatedir='${prefix}/com'
sys_symbol_underscore=''
sysconfdir='/home/qemu-sgx/devel/optee/out-br/host/etc'
target='x86_64-pc-linux-gnu'
target_alias=''
target_cpu='x86_64'
target_os='linux-gnu'
target_vendor='pc'
toolexecdir=''
toolexeclibdir=''

configure: exit 0
