This file contains any messages produced by compilers while
running configure, to aid debugging if configure makes a mistake.

It was created by configure, which was
generated by GNU Autoconf 2.69.  Invocation command line was

  $ ./configure --prefix=/home/qemu-sgx/devel/optee/out-br/host --sysconfdir=/home/qemu-sgx/devel/optee/out-br/host/etc --localstatedir=/home/qemu-sgx/devel/optee/out-br/host/var --enable-shared --disable-static --disable-gtk-doc --disable-gtk-doc-html --disable-doc --disable-docs --disable-documentation --disable-debug --with-xmlto=no --with-fop=no --disable-nls --disable-dependency-tracking --with-bundled-zlib

## --------- ##
## Platform. ##
## --------- ##

hostname = qemusgx-MS-7C70
uname -m = x86_64
uname -r = 5.13.11
uname -s = Linux
uname -v = #1 SMP Tue Aug 17 19:32:25 KST 2021

/usr/bin/uname -p = x86_64
/bin/uname -X     = unknown

/bin/arch              = x86_64
/usr/bin/arch -k       = unknown
/usr/convex/getsysinfo = unknown
/usr/bin/hostinfo      = unknown
/bin/machine           = unknown
/usr/bin/oslevel       = unknown
/bin/universe          = unknown

PATH: /home/qemu-sgx/devel/optee/out-br/host/bin
PATH: /home/qemu-sgx/devel/optee/out-br/host/sbin
PATH: /home/qemu-sgx/bin
PATH: /usr/local/sbin
PATH: /usr/local/bin
PATH: /usr/sbin
PATH: /usr/bin
PATH: /sbin
PATH: /bin
PATH: /usr/games
PATH: /usr/local/games
PATH: /snap/bin


## ----------- ##
## Core tests. ##
## ----------- ##

configure:2244: configuring ccache
configure:2283: checking build system type
configure:2297: result: x86_64-pc-linux-gnu
configure:2317: checking host system type
configure:2330: result: x86_64-pc-linux-gnu
configure:2589: checking for gcc
configure:2616: result: /usr/bin/gcc
configure:2845: checking for C compiler version
configure:2854: /usr/bin/gcc --version >&5
gcc (Ubuntu 9.3.0-17ubuntu1~20.04) 9.3.0
Copyright (C) 2019 Free Software Foundation, Inc.
This is free software; see the source for copying conditions.  There is NO
warranty; not even for MERCHANTABILITY or FITNESS FOR A PARTICULAR PURPOSE.

configure:2865: $? = 0
configure:2854: /usr/bin/gcc -v >&5
Using built-in specs.
COLLECT_GCC=/usr/bin/gcc
COLLECT_LTO_WRAPPER=/usr/lib/gcc/x86_64-linux-gnu/9/lto-wrapper
OFFLOAD_TARGET_NAMES=nvptx-none:hsa
OFFLOAD_TARGET_DEFAULT=1
Target: x86_64-linux-gnu
Configured with: ../src/configure -v --with-pkgversion='Ubuntu 9.3.0-17ubuntu1~20.04' --with-bugurl=file:///usr/share/doc/gcc-9/README.Bugs --enable-languages=c,ada,c++,go,brig,d,fortran,objc,obj-c++,gm2 --prefix=/usr --with-gcc-major-version-only --program-suffix=-9 --program-prefix=x86_64-linux-gnu- --enable-shared --enable-linker-build-id --libexecdir=/usr/lib --without-included-gettext --enable-threads=posix --libdir=/usr/lib --enable-nls --enable-clocale=gnu --enable-libstdcxx-debug --enable-libstdcxx-time=yes --with-default-libstdcxx-abi=new --enable-gnu-unique-object --disable-vtable-verify --enable-plugin --enable-default-pie --with-system-zlib --with-target-system-zlib=auto --enable-objc-gc=auto --enable-multiarch --disable-werror --with-arch-32=i686 --with-abi=m64 --with-multilib-list=m32,m64,mx32 --enable-multilib --with-tune=generic --enable-offload-targets=nvptx-none=/build/gcc-9-HskZEa/gcc-9-9.3.0/debian/tmp-nvptx/usr,hsa --without-cuda-driver --enable-checking=release --build=x86_64-linux-gnu --host=x86_64-linux-gnu --target=x86_64-linux-gnu
Thread model: posix
gcc version 9.3.0 (Ubuntu 9.3.0-17ubuntu1~20.04) 
configure:2865: $? = 0
configure:2854: /usr/bin/gcc -V >&5
gcc: error: unrecognized command line option '-V'
gcc: fatal error: no input files
compilation terminated.
configure:2865: $? = 1
configure:2854: /usr/bin/gcc -qversion >&5
gcc: error: unrecognized command line option '-qversion'; did you mean '--version'?
gcc: fatal error: no input files
compilation terminated.
configure:2865: $? = 1
configure:2885: checking whether the C compiler works
configure:2907: /usr/bin/gcc -O2 -I/home/qemu-sgx/devel/optee/out-br/host/include -I/home/qemu-sgx/devel/optee/out-br/host/include -L/home/qemu-sgx/devel/optee/out-br/host/lib -Wl,-rpath,/home/qemu-sgx/devel/optee/out-br/host/lib conftest.c  >&5
configure:2911: $? = 0
configure:2959: result: yes
configure:2962: checking for C compiler default output file name
configure:2964: result: a.out
configure:2970: checking for suffix of executables
configure:2977: /usr/bin/gcc -o conftest -O2 -I/home/qemu-sgx/devel/optee/out-br/host/include -I/home/qemu-sgx/devel/optee/out-br/host/include -L/home/qemu-sgx/devel/optee/out-br/host/lib -Wl,-rpath,/home/qemu-sgx/devel/optee/out-br/host/lib conftest.c  >&5
configure:2981: $? = 0
configure:3003: result: 
configure:3025: checking whether we are cross compiling
configure:3033: /usr/bin/gcc -o conftest -O2 -I/home/qemu-sgx/devel/optee/out-br/host/include -I/home/qemu-sgx/devel/optee/out-br/host/include -L/home/qemu-sgx/devel/optee/out-br/host/lib -Wl,-rpath,/home/qemu-sgx/devel/optee/out-br/host/lib conftest.c  >&5
configure:3037: $? = 0
configure:3044: ./conftest
configure:3048: $? = 0
configure:3036: result: no
configure:3041: checking for suffix of object files
configure:3063: /usr/bin/gcc -c -O2 -I/home/qemu-sgx/devel/optee/out-br/host/include -I/home/qemu-sgx/devel/optee/out-br/host/include conftest.c >&5
configure:3067: $? = 0
configure:3088: result: o
configure:3092: checking whether we are using the GNU C compiler
configure:3111: /usr/bin/gcc -c -O2 -I/home/qemu-sgx/devel/optee/out-br/host/include -I/home/qemu-sgx/devel/optee/out-br/host/include conftest.c >&5
configure:3111: $? = 0
configure:3120: result: yes
configure:3129: checking whether /usr/bin/gcc accepts -g
configure:3149: /usr/bin/gcc -c -g -I/home/qemu-sgx/devel/optee/out-br/host/include conftest.c >&5
configure:3149: $? = 0
configure:3190: result: yes
configure:3207: checking for /usr/bin/gcc option to accept ISO C89
configure:3270: /usr/bin/gcc  -c -O2 -I/home/qemu-sgx/devel/optee/out-br/host/include -I/home/qemu-sgx/devel/optee/out-br/host/include conftest.c >&5
configure:3270: $? = 0
configure:3283: result: none needed
configure:3303: checking whether we are using the clang C compiler
configure:3322: /usr/bin/gcc -c -O2 -I/home/qemu-sgx/devel/optee/out-br/host/include -I/home/qemu-sgx/devel/optee/out-br/host/include conftest.c >&5
conftest.c: In function 'main':
conftest.c:22:8: error: unknown type name 'choke'
   22 |        choke me
      |        ^~~~~
configure:3322: $? = 1
configure: failed program was:
| /* confdefs.h */
| #define PACKAGE_NAME ""
| #define PACKAGE_TARNAME ""
| #define PACKAGE_VERSION ""
| #define PACKAGE_STRING ""
| #define PACKAGE_BUGREPORT ""
| #define PACKAGE_URL ""
| #define _GNU_SOURCE 1
| #define _NETBSD_SOURCE 1
| #define __BSD_VISIBLE 1
| #define _BSD_TYPES 1
| #define _DARWIN_C_SOURCE 1
| #define _XOPEN_SOURCE 700
| #define _XOPEN_SOURCE_EXTENDED 1
| #define _POSIX_C_SOURCE 200809L
| /* end confdefs.h.  */
| 
| int
| main ()
| {
| #ifndef __clang__
|        choke me
| #endif
| 
|   ;
|   return 0;
| }
configure:3331: result: no
configure:3333: checking for /usr/bin/gcc option to accept ISO C99
configure:3482: /usr/bin/gcc  -c -O2 -I/home/qemu-sgx/devel/optee/out-br/host/include -I/home/qemu-sgx/devel/optee/out-br/host/include conftest.c >&5
configure:3482: $? = 0
configure:3495: result: none needed
configure:3519: checking how to run the C preprocessor
configure:3589: result: /usr/bin/cpp
configure:3609: /usr/bin/cpp -I/home/qemu-sgx/devel/optee/out-br/host/include conftest.c
configure:3609: $? = 0
configure:3623: /usr/bin/cpp -I/home/qemu-sgx/devel/optee/out-br/host/include conftest.c
conftest.c:17:10: fatal error: ac_nonexistent.h: No such file or directory
   17 | #include <ac_nonexistent.h>
      |          ^~~~~~~~~~~~~~~~~~
compilation terminated.
configure:3623: $? = 1
configure: failed program was:
| /* confdefs.h */
| #define PACKAGE_NAME ""
| #define PACKAGE_TARNAME ""
| #define PACKAGE_VERSION ""
| #define PACKAGE_STRING ""
| #define PACKAGE_BUGREPORT ""
| #define PACKAGE_URL ""
| #define _GNU_SOURCE 1
| #define _NETBSD_SOURCE 1
| #define __BSD_VISIBLE 1
| #define _BSD_TYPES 1
| #define _DARWIN_C_SOURCE 1
| #define _XOPEN_SOURCE 700
| #define _XOPEN_SOURCE_EXTENDED 1
| #define _POSIX_C_SOURCE 200809L
| /* end confdefs.h.  */
| #include <ac_nonexistent.h>
configure:3665: checking for a BSD-compatible install
configure:3733: result: /usr/bin/install -c
configure:3787: checking for ranlib
configure:3814: result: /usr/bin/ranlib
configure:3879: checking for ar
configure:3906: result: /usr/bin/ar
configure:3979: checking for bash
configure:4009: result: /bin/bash
configure:4061: checking for dirent.h that defines DIR
configure:4080: /usr/bin/gcc -c -O2 -I/home/qemu-sgx/devel/optee/out-br/host/include -Wall -W -I/home/qemu-sgx/devel/optee/out-br/host/include conftest.c >&5
configure:4080: $? = 0
configure:4088: result: yes
configure:4101: checking for library containing opendir
configure:4132: /usr/bin/gcc -o conftest -O2 -I/home/qemu-sgx/devel/optee/out-br/host/include -Wall -W -I/home/qemu-sgx/devel/optee/out-br/host/include -L/home/qemu-sgx/devel/optee/out-br/host/lib -Wl,-rpath,/home/qemu-sgx/devel/optee/out-br/host/lib conftest.c  >&5
configure:4132: $? = 0
configure:4149: result: none required
configure:4216: checking whether time.h and sys/time.h may both be included
configure:4236: /usr/bin/gcc -c -O2 -I/home/qemu-sgx/devel/optee/out-br/host/include -Wall -W -I/home/qemu-sgx/devel/optee/out-br/host/include conftest.c >&5
configure:4236: $? = 0
configure:4243: result: yes
configure:4251: checking for sys/wait.h that is POSIX.1 compatible
configure:4277: /usr/bin/gcc -c -O2 -I/home/qemu-sgx/devel/optee/out-br/host/include -Wall -W -I/home/qemu-sgx/devel/optee/out-br/host/include conftest.c >&5
configure:4277: $? = 0
configure:4284: result: yes
configure:4294: checking for grep that handles long lines and -e
configure:4352: result: /usr/bin/grep
configure:4357: checking for egrep
configure:4419: result: /usr/bin/grep -E
configure:4424: checking for ANSI C header files
configure:4444: /usr/bin/gcc -c -O2 -I/home/qemu-sgx/devel/optee/out-br/host/include -Wall -W -I/home/qemu-sgx/devel/optee/out-br/host/include conftest.c >&5
configure:4444: $? = 0
configure:4517: /usr/bin/gcc -o conftest -O2 -I/home/qemu-sgx/devel/optee/out-br/host/include -Wall -W -I/home/qemu-sgx/devel/optee/out-br/host/include -L/home/qemu-sgx/devel/optee/out-br/host/lib -Wl,-rpath,/home/qemu-sgx/devel/optee/out-br/host/lib conftest.c  >&5
configure:4517: $? = 0
configure:4517: ./conftest
configure:4517: $? = 0
configure:4528: result: yes
configure:4541: checking for sys/types.h
configure:4541: /usr/bin/gcc -c -O2 -I/home/qemu-sgx/devel/optee/out-br/host/include -Wall -W -I/home/qemu-sgx/devel/optee/out-br/host/include conftest.c >&5
configure:4541: $? = 0
configure:4541: result: yes
configure:4541: checking for sys/stat.h
configure:4541: /usr/bin/gcc -c -O2 -I/home/qemu-sgx/devel/optee/out-br/host/include -Wall -W -I/home/qemu-sgx/devel/optee/out-br/host/include conftest.c >&5
configure:4541: $? = 0
configure:4541: result: yes
configure:4541: checking for stdlib.h
configure:4541: /usr/bin/gcc -c -O2 -I/home/qemu-sgx/devel/optee/out-br/host/include -Wall -W -I/home/qemu-sgx/devel/optee/out-br/host/include conftest.c >&5
configure:4541: $? = 0
configure:4541: result: yes
configure:4541: checking for string.h
configure:4541: /usr/bin/gcc -c -O2 -I/home/qemu-sgx/devel/optee/out-br/host/include -Wall -W -I/home/qemu-sgx/devel/optee/out-br/host/include conftest.c >&5
configure:4541: $? = 0
configure:4541: result: yes
configure:4541: checking for memory.h
configure:4541: /usr/bin/gcc -c -O2 -I/home/qemu-sgx/devel/optee/out-br/host/include -Wall -W -I/home/qemu-sgx/devel/optee/out-br/host/include conftest.c >&5
configure:4541: $? = 0
configure:4541: result: yes
configure:4541: checking for strings.h
configure:4541: /usr/bin/gcc -c -O2 -I/home/qemu-sgx/devel/optee/out-br/host/include -Wall -W -I/home/qemu-sgx/devel/optee/out-br/host/include conftest.c >&5
configure:4541: $? = 0
configure:4541: result: yes
configure:4541: checking for inttypes.h
configure:4541: /usr/bin/gcc -c -O2 -I/home/qemu-sgx/devel/optee/out-br/host/include -Wall -W -I/home/qemu-sgx/devel/optee/out-br/host/include conftest.c >&5
configure:4541: $? = 0
configure:4541: result: yes
configure:4541: checking for stdint.h
configure:4541: /usr/bin/gcc -c -O2 -I/home/qemu-sgx/devel/optee/out-br/host/include -Wall -W -I/home/qemu-sgx/devel/optee/out-br/host/include conftest.c >&5
configure:4541: $? = 0
configure:4541: result: yes
configure:4541: checking for unistd.h
configure:4541: /usr/bin/gcc -c -O2 -I/home/qemu-sgx/devel/optee/out-br/host/include -Wall -W -I/home/qemu-sgx/devel/optee/out-br/host/include conftest.c >&5
configure:4541: $? = 0
configure:4541: result: yes
configure:4553: checking for long long
configure:4553: /usr/bin/gcc -c -O2 -I/home/qemu-sgx/devel/optee/out-br/host/include -Wall -W -I/home/qemu-sgx/devel/optee/out-br/host/include conftest.c >&5
configure:4553: $? = 0
configure:4553: /usr/bin/gcc -c -O2 -I/home/qemu-sgx/devel/optee/out-br/host/include -Wall -W -I/home/qemu-sgx/devel/optee/out-br/host/include conftest.c >&5
conftest.c: In function 'main':
conftest.c:66:24: error: expected expression before ')' token
   66 | if (sizeof ((long long)))
      |                        ^
configure:4553: $? = 1
configure: failed program was:
| /* confdefs.h */
| #define PACKAGE_NAME ""
| #define PACKAGE_TARNAME ""
| #define PACKAGE_VERSION ""
| #define PACKAGE_STRING ""
| #define PACKAGE_BUGREPORT ""
| #define PACKAGE_URL ""
| #define _GNU_SOURCE 1
| #define _NETBSD_SOURCE 1
| #define __BSD_VISIBLE 1
| #define _BSD_TYPES 1
| #define _DARWIN_C_SOURCE 1
| #define _XOPEN_SOURCE 700
| #define _XOPEN_SOURCE_EXTENDED 1
| #define _POSIX_C_SOURCE 200809L
| #define HAVE_DIRENT_H 1
| #define TIME_WITH_SYS_TIME 1
| #define HAVE_SYS_WAIT_H 1
| #define STDC_HEADERS 1
| #define HAVE_SYS_TYPES_H 1
| #define HAVE_SYS_STAT_H 1
| #define HAVE_STDLIB_H 1
| #define HAVE_STRING_H 1
| #define HAVE_MEMORY_H 1
| #define HAVE_STRINGS_H 1
| #define HAVE_INTTYPES_H 1
| #define HAVE_STDINT_H 1
| #define HAVE_UNISTD_H 1
| /* end confdefs.h.  */
| #include <stdio.h>
| #ifdef HAVE_SYS_TYPES_H
| # include <sys/types.h>
| #endif
| #ifdef HAVE_SYS_STAT_H
| # include <sys/stat.h>
| #endif
| #ifdef STDC_HEADERS
| # include <stdlib.h>
| # include <stddef.h>
| #else
| # ifdef HAVE_STDLIB_H
| #  include <stdlib.h>
| # endif
| #endif
| #ifdef HAVE_STRING_H
| # if !defined STDC_HEADERS && defined HAVE_MEMORY_H
| #  include <memory.h>
| # endif
| # include <string.h>
| #endif
| #ifdef HAVE_STRINGS_H
| # include <strings.h>
| #endif
| #ifdef HAVE_INTTYPES_H
| # include <inttypes.h>
| #endif
| #ifdef HAVE_STDINT_H
| # include <stdint.h>
| #endif
| #ifdef HAVE_UNISTD_H
| # include <unistd.h>
| #endif
| int
| main ()
| {
| if (sizeof ((long long)))
| 	    return 0;
|   ;
|   return 0;
| }
configure:4553: result: yes
configure:4567: checking ctype.h usability
configure:4567: /usr/bin/gcc -c -O2 -I/home/qemu-sgx/devel/optee/out-br/host/include -Wall -W -I/home/qemu-sgx/devel/optee/out-br/host/include conftest.c >&5
configure:4567: $? = 0
configure:4567: result: yes
configure:4567: checking ctype.h presence
configure:4567: /usr/bin/cpp -I/home/qemu-sgx/devel/optee/out-br/host/include conftest.c
configure:4567: $? = 0
configure:4567: result: yes
configure:4567: checking for ctype.h
configure:4567: result: yes
configure:4567: checking pwd.h usability
configure:4567: /usr/bin/gcc -c -O2 -I/home/qemu-sgx/devel/optee/out-br/host/include -Wall -W -I/home/qemu-sgx/devel/optee/out-br/host/include conftest.c >&5
configure:4567: $? = 0
configure:4567: result: yes
configure:4567: checking pwd.h presence
configure:4567: /usr/bin/cpp -I/home/qemu-sgx/devel/optee/out-br/host/include conftest.c
configure:4567: $? = 0
configure:4567: result: yes
configure:4567: checking for pwd.h
configure:4567: result: yes
configure:4567: checking for stdlib.h
configure:4567: result: yes
configure:4567: checking for string.h
configure:4567: result: yes
configure:4567: checking for strings.h
configure:4567: result: yes
configure:4567: checking sys/time.h usability
configure:4567: /usr/bin/gcc -c -O2 -I/home/qemu-sgx/devel/optee/out-br/host/include -Wall -W -I/home/qemu-sgx/devel/optee/out-br/host/include conftest.c >&5
configure:4567: $? = 0
configure:4567: result: yes
configure:4567: checking sys/time.h presence
configure:4567: /usr/bin/cpp -I/home/qemu-sgx/devel/optee/out-br/host/include conftest.c
configure:4567: $? = 0
configure:4567: result: yes
configure:4567: checking for sys/time.h
configure:4567: result: yes
configure:4567: checking sys/mman.h usability
configure:4567: /usr/bin/gcc -c -O2 -I/home/qemu-sgx/devel/optee/out-br/host/include -Wall -W -I/home/qemu-sgx/devel/optee/out-br/host/include conftest.c >&5
configure:4567: $? = 0
configure:4567: result: yes
configure:4567: checking sys/mman.h presence
configure:4567: /usr/bin/cpp -I/home/qemu-sgx/devel/optee/out-br/host/include conftest.c
configure:4567: $? = 0
configure:4567: result: yes
configure:4567: checking for sys/mman.h
configure:4567: result: yes
configure:4579: checking termios.h usability
configure:4579: /usr/bin/gcc -c -O2 -I/home/qemu-sgx/devel/optee/out-br/host/include -Wall -W -I/home/qemu-sgx/devel/optee/out-br/host/include conftest.c >&5
configure:4579: $? = 0
configure:4579: result: yes
configure:4579: checking termios.h presence
configure:4579: /usr/bin/cpp -I/home/qemu-sgx/devel/optee/out-br/host/include conftest.c
configure:4579: $? = 0
configure:4579: result: yes
configure:4579: checking for termios.h
configure:4579: result: yes
configure:4592: checking for gethostname
configure:4592: /usr/bin/gcc -o conftest -O2 -I/home/qemu-sgx/devel/optee/out-br/host/include -Wall -W -I/home/qemu-sgx/devel/optee/out-br/host/include -L/home/qemu-sgx/devel/optee/out-br/host/lib -Wl,-rpath,/home/qemu-sgx/devel/optee/out-br/host/lib conftest.c  >&5
configure:4592: $? = 0
configure:4592: result: yes
configure:4603: checking for getopt_long
configure:4603: /usr/bin/gcc -o conftest -O2 -I/home/qemu-sgx/devel/optee/out-br/host/include -Wall -W -I/home/qemu-sgx/devel/optee/out-br/host/include -L/home/qemu-sgx/devel/optee/out-br/host/lib -Wl,-rpath,/home/qemu-sgx/devel/optee/out-br/host/lib conftest.c  >&5
configure:4603: $? = 0
configure:4603: result: yes
configure:4614: checking for getpwuid
configure:4614: /usr/bin/gcc -o conftest -O2 -I/home/qemu-sgx/devel/optee/out-br/host/include -Wall -W -I/home/qemu-sgx/devel/optee/out-br/host/include -L/home/qemu-sgx/devel/optee/out-br/host/lib -Wl,-rpath,/home/qemu-sgx/devel/optee/out-br/host/lib conftest.c  >&5
configure:4614: $? = 0
configure:4614: result: yes
configure:4625: checking for gettimeofday
configure:4625: /usr/bin/gcc -o conftest -O2 -I/home/qemu-sgx/devel/optee/out-br/host/include -Wall -W -I/home/qemu-sgx/devel/optee/out-br/host/include -L/home/qemu-sgx/devel/optee/out-br/host/lib -Wl,-rpath,/home/qemu-sgx/devel/optee/out-br/host/lib conftest.c  >&5
configure:4625: $? = 0
configure:4625: result: yes
configure:4636: checking for localtime_r
configure:4636: /usr/bin/gcc -o conftest -O2 -I/home/qemu-sgx/devel/optee/out-br/host/include -Wall -W -I/home/qemu-sgx/devel/optee/out-br/host/include -L/home/qemu-sgx/devel/optee/out-br/host/lib -Wl,-rpath,/home/qemu-sgx/devel/optee/out-br/host/lib conftest.c  >&5
configure:4636: $? = 0
configure:4636: result: yes
configure:4647: checking for mkstemp
configure:4647: /usr/bin/gcc -o conftest -O2 -I/home/qemu-sgx/devel/optee/out-br/host/include -Wall -W -I/home/qemu-sgx/devel/optee/out-br/host/include -L/home/qemu-sgx/devel/optee/out-br/host/lib -Wl,-rpath,/home/qemu-sgx/devel/optee/out-br/host/lib conftest.c  >&5
configure:4647: $? = 0
configure:4647: result: yes
configure:4658: checking for realpath
configure:4658: /usr/bin/gcc -o conftest -O2 -I/home/qemu-sgx/devel/optee/out-br/host/include -Wall -W -I/home/qemu-sgx/devel/optee/out-br/host/include -L/home/qemu-sgx/devel/optee/out-br/host/lib -Wl,-rpath,/home/qemu-sgx/devel/optee/out-br/host/lib conftest.c  >&5
configure:4658: $? = 0
configure:4658: result: yes
configure:4669: checking for setenv
configure:4669: /usr/bin/gcc -o conftest -O2 -I/home/qemu-sgx/devel/optee/out-br/host/include -Wall -W -I/home/qemu-sgx/devel/optee/out-br/host/include -L/home/qemu-sgx/devel/optee/out-br/host/lib -Wl,-rpath,/home/qemu-sgx/devel/optee/out-br/host/lib conftest.c  >&5
configure:4669: $? = 0
configure:4669: result: yes
configure:4680: checking for strndup
configure:4680: /usr/bin/gcc -o conftest -O2 -I/home/qemu-sgx/devel/optee/out-br/host/include -Wall -W -I/home/qemu-sgx/devel/optee/out-br/host/include -L/home/qemu-sgx/devel/optee/out-br/host/lib -Wl,-rpath,/home/qemu-sgx/devel/optee/out-br/host/lib conftest.c  >&5
conftest.c:70:6: warning: conflicting types for built-in function 'strndup'; expected 'char *(const char *, long unsigned int)' [-Wbuiltin-declaration-mismatch]
   70 | char strndup ();
      |      ^~~~~~~
configure:4680: $? = 0
configure:4680: result: yes
configure:4691: checking for strtok_r
configure:4691: /usr/bin/gcc -o conftest -O2 -I/home/qemu-sgx/devel/optee/out-br/host/include -Wall -W -I/home/qemu-sgx/devel/optee/out-br/host/include -L/home/qemu-sgx/devel/optee/out-br/host/lib -Wl,-rpath,/home/qemu-sgx/devel/optee/out-br/host/lib conftest.c  >&5
configure:4691: $? = 0
configure:4691: result: yes
configure:4702: checking for unsetenv
configure:4702: /usr/bin/gcc -o conftest -O2 -I/home/qemu-sgx/devel/optee/out-br/host/include -Wall -W -I/home/qemu-sgx/devel/optee/out-br/host/include -L/home/qemu-sgx/devel/optee/out-br/host/lib -Wl,-rpath,/home/qemu-sgx/devel/optee/out-br/host/lib conftest.c  >&5
configure:4702: $? = 0
configure:4702: result: yes
configure:4713: checking for utimes
configure:4713: /usr/bin/gcc -o conftest -O2 -I/home/qemu-sgx/devel/optee/out-br/host/include -Wall -W -I/home/qemu-sgx/devel/optee/out-br/host/include -L/home/qemu-sgx/devel/optee/out-br/host/lib -Wl,-rpath,/home/qemu-sgx/devel/optee/out-br/host/lib conftest.c  >&5
configure:4713: $? = 0
configure:4713: result: yes
configure:4723: checking for compar_fn_t in stdlib.h
configure:4740: /usr/bin/gcc -c -O2 -I/home/qemu-sgx/devel/optee/out-br/host/include -Wall -W -I/home/qemu-sgx/devel/optee/out-br/host/include conftest.c >&5
conftest.c: In function 'test_fn':
conftest.c:55:22: warning: null argument where non-null required (argument 1) [-Wnonnull]
   55 | void test_fn(void) { qsort(NULL, 0, 0, (__compar_fn_t)NULL); }
      |                      ^~~~~
conftest.c:55:22: warning: null argument where non-null required (argument 4) [-Wnonnull]
At top level:
conftest.c:55:6: warning: 'test_fn' defined but not used [-Wunused-function]
   55 | void test_fn(void) { qsort(NULL, 0, 0, (__compar_fn_t)NULL); }
      |      ^~~~~~~
configure:4740: $? = 0
configure:4747: result: yes
configure:4834: checking for stdarg.h
configure:4834: /usr/bin/gcc -c -O2 -I/home/qemu-sgx/devel/optee/out-br/host/include -Wall -W -I/home/qemu-sgx/devel/optee/out-br/host/include conftest.c >&5
configure:4834: $? = 0
configure:4834: result: yes
configure:4834: checking for varargs.h
configure:4834: /usr/bin/gcc -c -O2 -I/home/qemu-sgx/devel/optee/out-br/host/include -Wall -W -I/home/qemu-sgx/devel/optee/out-br/host/include conftest.c >&5
In file included from conftest.c:87:
/usr/lib/gcc/x86_64-linux-gnu/9/include/varargs.h:4:2: error: #error "GCC no longer implements <varargs.h>."
    4 | #error "GCC no longer implements <varargs.h>."
      |  ^~~~~
/usr/lib/gcc/x86_64-linux-gnu/9/include/varargs.h:5:2: error: #error "Revise your code to use <stdarg.h>."
    5 | #error "Revise your code to use <stdarg.h>."
      |  ^~~~~
configure:4834: $? = 1
configure: failed program was:
| /* confdefs.h */
| #define PACKAGE_NAME ""
| #define PACKAGE_TARNAME ""
| #define PACKAGE_VERSION ""
| #define PACKAGE_STRING ""
| #define PACKAGE_BUGREPORT ""
| #define PACKAGE_URL ""
| #define _GNU_SOURCE 1
| #define _NETBSD_SOURCE 1
| #define __BSD_VISIBLE 1
| #define _BSD_TYPES 1
| #define _DARWIN_C_SOURCE 1
| #define _XOPEN_SOURCE 700
| #define _XOPEN_SOURCE_EXTENDED 1
| #define _POSIX_C_SOURCE 200809L
| #define HAVE_DIRENT_H 1
| #define TIME_WITH_SYS_TIME 1
| #define HAVE_SYS_WAIT_H 1
| #define STDC_HEADERS 1
| #define HAVE_SYS_TYPES_H 1
| #define HAVE_SYS_STAT_H 1
| #define HAVE_STDLIB_H 1
| #define HAVE_STRING_H 1
| #define HAVE_MEMORY_H 1
| #define HAVE_STRINGS_H 1
| #define HAVE_INTTYPES_H 1
| #define HAVE_STDINT_H 1
| #define HAVE_UNISTD_H 1
| #define HAVE_LONG_LONG 1
| #define HAVE_CTYPE_H 1
| #define HAVE_PWD_H 1
| #define HAVE_STDLIB_H 1
| #define HAVE_STRING_H 1
| #define HAVE_STRINGS_H 1
| #define HAVE_SYS_TIME_H 1
| #define HAVE_SYS_MMAN_H 1
| #define HAVE_TERMIOS_H 1
| #define HAVE_GETHOSTNAME 1
| #define HAVE_GETOPT_LONG 1
| #define HAVE_GETPWUID 1
| #define HAVE_GETTIMEOFDAY 1
| #define HAVE_LOCALTIME_R 1
| #define HAVE_MKSTEMP 1
| #define HAVE_REALPATH 1
| #define HAVE_SETENV 1
| #define HAVE_STRNDUP 1
| #define HAVE_STRTOK_R 1
| #define HAVE_UNSETENV 1
| #define HAVE_UTIMES 1
| #define HAVE_COMPAR_FN_T 1
| #define HAVE_STDARG_H 1
| /* end confdefs.h.  */
| #include <stdio.h>
| #ifdef HAVE_SYS_TYPES_H
| # include <sys/types.h>
| #endif
| #ifdef HAVE_SYS_STAT_H
| # include <sys/stat.h>
| #endif
| #ifdef STDC_HEADERS
| # include <stdlib.h>
| # include <stddef.h>
| #else
| # ifdef HAVE_STDLIB_H
| #  include <stdlib.h>
| # endif
| #endif
| #ifdef HAVE_STRING_H
| # if !defined STDC_HEADERS && defined HAVE_MEMORY_H
| #  include <memory.h>
| # endif
| # include <string.h>
| #endif
| #ifdef HAVE_STRINGS_H
| # include <strings.h>
| #endif
| #ifdef HAVE_INTTYPES_H
| # include <inttypes.h>
| #endif
| #ifdef HAVE_STDINT_H
| # include <stdint.h>
| #endif
| #ifdef HAVE_UNISTD_H
| # include <unistd.h>
| #endif
| 
| #include <varargs.h>
configure:4834: result: no
configure:4851: checking for unsigned long long int
configure:4899: result: yes
configure:4908: checking for vsnprintf
configure:4908: /usr/bin/gcc -o conftest -O2 -I/home/qemu-sgx/devel/optee/out-br/host/include -Wall -W -I/home/qemu-sgx/devel/optee/out-br/host/include -L/home/qemu-sgx/devel/optee/out-br/host/lib -Wl,-rpath,/home/qemu-sgx/devel/optee/out-br/host/lib conftest.c  >&5
conftest.c:77:6: warning: conflicting types for built-in function 'vsnprintf'; expected 'int(char *, long unsigned int,  const char *, __va_list_tag *)' [-Wbuiltin-declaration-mismatch]
   77 | char vsnprintf ();
      |      ^~~~~~~~~
conftest.c:65:1: note: 'vsnprintf' is declared in header '<stdio.h>'
   64 | # include <limits.h>
   65 | #else
configure:4908: $? = 0
configure:4908: result: yes
configure:4916: checking whether vsnprintf is C99 compliant
configure:4951: /usr/bin/gcc -o conftest -O2 -I/home/qemu-sgx/devel/optee/out-br/host/include -Wall -W -I/home/qemu-sgx/devel/optee/out-br/host/include -L/home/qemu-sgx/devel/optee/out-br/host/lib -Wl,-rpath,/home/qemu-sgx/devel/optee/out-br/host/lib conftest.c  >&5
configure:4951: $? = 0
configure:4951: ./conftest
configure:4951: $? = 0
configure:4961: result: yes
configure:5327: checking for snprintf
configure:5327: /usr/bin/gcc -o conftest -O2 -I/home/qemu-sgx/devel/optee/out-br/host/include -Wall -W -I/home/qemu-sgx/devel/optee/out-br/host/include -L/home/qemu-sgx/devel/optee/out-br/host/lib -Wl,-rpath,/home/qemu-sgx/devel/optee/out-br/host/lib conftest.c  >&5
conftest.c:78:6: warning: conflicting types for built-in function 'snprintf'; expected 'int(char *, long unsigned int,  const char *, ...)' [-Wbuiltin-declaration-mismatch]
   78 | char snprintf ();
      |      ^~~~~~~~
conftest.c:66:1: note: 'snprintf' is declared in header '<stdio.h>'
   65 | # include <limits.h>
   66 | #else
configure:5327: $? = 0
configure:5327: result: yes
configure:5335: checking whether snprintf is C99 compliant
configure:5358: /usr/bin/gcc -o conftest -O2 -I/home/qemu-sgx/devel/optee/out-br/host/include -Wall -W -I/home/qemu-sgx/devel/optee/out-br/host/include -L/home/qemu-sgx/devel/optee/out-br/host/lib -Wl,-rpath,/home/qemu-sgx/devel/optee/out-br/host/lib conftest.c  >&5
conftest.c: In function 'main':
conftest.c:60:15: warning: 'The answer is ' directive output truncated writing 14 bytes into a region of size 4 [-Wformat-truncation=]
   60 |           if (snprintf(buf, 4, "The answer is %27.2g.", 42.0) != 42 ||
      |               ^~~~~~~~~~~~~~~~~~~~~~~~~~~~~~~~~~~~~~~~~~~~~~~
In file included from /usr/include/stdio.h:867,
                 from conftest.c:55:
/usr/include/x86_64-linux-gnu/bits/stdio2.h:67:10: note: '__builtin___snprintf_chk' output 43 bytes into a destination of size 4
   67 |   return __builtin___snprintf_chk (__s, __n, __USE_FORTIFY_LEVEL - 1,
      |          ^~~~~~~~~~~~~~~~~~~~~~~~~~~~~~~~~~~~~~~~~~~~~~~~~~~~~~~~~~~~
   68 |        __bos (__s), __fmt, __va_arg_pack ());
      |        ~~~~~~~~~~~~~~~~~~~~~~~~~~~~~~~~~~~~~
configure:5358: $? = 0
configure:5358: ./conftest
configure:5358: $? = 0
configure:5368: result: yes
configure:5483: checking for vasprintf
configure:5483: /usr/bin/gcc -o conftest -O2 -I/home/qemu-sgx/devel/optee/out-br/host/include -Wall -W -I/home/qemu-sgx/devel/optee/out-br/host/include -L/home/qemu-sgx/devel/optee/out-br/host/lib -Wl,-rpath,/home/qemu-sgx/devel/optee/out-br/host/lib conftest.c  >&5
configure:5483: $? = 0
configure:5483: result: yes
configure:5693: checking for asprintf
configure:5693: /usr/bin/gcc -o conftest -O2 -I/home/qemu-sgx/devel/optee/out-br/host/include -Wall -W -I/home/qemu-sgx/devel/optee/out-br/host/include -L/home/qemu-sgx/devel/optee/out-br/host/lib -Wl,-rpath,/home/qemu-sgx/devel/optee/out-br/host/lib conftest.c  >&5
configure:5693: $? = 0
configure:5693: result: yes
configure:5803: checking for library containing cos
configure:5834: /usr/bin/gcc -o conftest -O2 -I/home/qemu-sgx/devel/optee/out-br/host/include -Wall -W -I/home/qemu-sgx/devel/optee/out-br/host/include -L/home/qemu-sgx/devel/optee/out-br/host/lib -Wl,-rpath,/home/qemu-sgx/devel/optee/out-br/host/lib conftest.c  >&5
conftest.c:65:6: warning: conflicting types for built-in function 'cos'; expected 'double(double)' [-Wbuiltin-declaration-mismatch]
   65 | char cos ();
      |      ^~~
conftest.c:1:1: note: 'cos' is declared in header '<math.h>'
    1 | /* confdefs.h */
/usr/bin/ld: /tmp/ccin2605.o: in function `main':
conftest.c:(.text.startup+0xb): undefined reference to `cos'
collect2: error: ld returned 1 exit status
configure:5834: $? = 1
configure: failed program was:
| /* confdefs.h */
| #define PACKAGE_NAME ""
| #define PACKAGE_TARNAME ""
| #define PACKAGE_VERSION ""
| #define PACKAGE_STRING ""
| #define PACKAGE_BUGREPORT ""
| #define PACKAGE_URL ""
| #define _GNU_SOURCE 1
| #define _NETBSD_SOURCE 1
| #define __BSD_VISIBLE 1
| #define _BSD_TYPES 1
| #define _DARWIN_C_SOURCE 1
| #define _XOPEN_SOURCE 700
| #define _XOPEN_SOURCE_EXTENDED 1
| #define _POSIX_C_SOURCE 200809L
| #define HAVE_DIRENT_H 1
| #define TIME_WITH_SYS_TIME 1
| #define HAVE_SYS_WAIT_H 1
| #define STDC_HEADERS 1
| #define HAVE_SYS_TYPES_H 1
| #define HAVE_SYS_STAT_H 1
| #define HAVE_STDLIB_H 1
| #define HAVE_STRING_H 1
| #define HAVE_MEMORY_H 1
| #define HAVE_STRINGS_H 1
| #define HAVE_INTTYPES_H 1
| #define HAVE_STDINT_H 1
| #define HAVE_UNISTD_H 1
| #define HAVE_LONG_LONG 1
| #define HAVE_CTYPE_H 1
| #define HAVE_PWD_H 1
| #define HAVE_STDLIB_H 1
| #define HAVE_STRING_H 1
| #define HAVE_STRINGS_H 1
| #define HAVE_SYS_TIME_H 1
| #define HAVE_SYS_MMAN_H 1
| #define HAVE_TERMIOS_H 1
| #define HAVE_GETHOSTNAME 1
| #define HAVE_GETOPT_LONG 1
| #define HAVE_GETPWUID 1
| #define HAVE_GETTIMEOFDAY 1
| #define HAVE_LOCALTIME_R 1
| #define HAVE_MKSTEMP 1
| #define HAVE_REALPATH 1
| #define HAVE_SETENV 1
| #define HAVE_STRNDUP 1
| #define HAVE_STRTOK_R 1
| #define HAVE_UNSETENV 1
| #define HAVE_UTIMES 1
| #define HAVE_COMPAR_FN_T 1
| #define HAVE_STDARG_H 1
| #define HAVE_UNSIGNED_LONG_LONG_INT 1
| #define HAVE_VSNPRINTF 1
| #define HAVE_SNPRINTF 1
| #define HAVE_VASPRINTF 1
| #define HAVE_ASPRINTF 1
| /* end confdefs.h.  */
| 
| /* Override any GCC internal prototype to avoid an error.
|    Use char because int might match the return type of a GCC
|    builtin and then its argument prototype would still apply.  */
| #ifdef __cplusplus
| extern "C"
| #endif
| char cos ();
| int
| main ()
| {
| return cos ();
|   ;
|   return 0;
| }
configure:5834: /usr/bin/gcc -o conftest -O2 -I/home/qemu-sgx/devel/optee/out-br/host/include -Wall -W -I/home/qemu-sgx/devel/optee/out-br/host/include -L/home/qemu-sgx/devel/optee/out-br/host/lib -Wl,-rpath,/home/qemu-sgx/devel/optee/out-br/host/lib conftest.c -lm   >&5
conftest.c:65:6: warning: conflicting types for built-in function 'cos'; expected 'double(double)' [-Wbuiltin-declaration-mismatch]
   65 | char cos ();
      |      ^~~
conftest.c:1:1: note: 'cos' is declared in header '<math.h>'
    1 | /* confdefs.h */
configure:5834: $? = 0
configure:5851: result: -lm
configure:5951: using bundled zlib as requested
configure:5988: checking whether byte ordering is bigendian
configure:6003: /usr/bin/gcc -c -O2 -I/home/qemu-sgx/devel/optee/out-br/host/include -Wall -W -I/home/qemu-sgx/devel/optee/out-br/host/include -I$(srcdir)/src/zlib conftest.c >&5
conftest.c:59:9: error: unknown type name 'not'
   59 |         not a universal capable compiler
      |         ^~~
conftest.c:59:15: error: expected '=', ',', ';', 'asm' or '__attribute__' before 'universal'
   59 |         not a universal capable compiler
      |               ^~~~~~~~~
conftest.c:59:15: error: unknown type name 'universal'
configure:6003: $? = 1
configure: failed program was:
| /* confdefs.h */
| #define PACKAGE_NAME ""
| #define PACKAGE_TARNAME ""
| #define PACKAGE_VERSION ""
| #define PACKAGE_STRING ""
| #define PACKAGE_BUGREPORT ""
| #define PACKAGE_URL ""
| #define _GNU_SOURCE 1
| #define _NETBSD_SOURCE 1
| #define __BSD_VISIBLE 1
| #define _BSD_TYPES 1
| #define _DARWIN_C_SOURCE 1
| #define _XOPEN_SOURCE 700
| #define _XOPEN_SOURCE_EXTENDED 1
| #define _POSIX_C_SOURCE 200809L
| #define HAVE_DIRENT_H 1
| #define TIME_WITH_SYS_TIME 1
| #define HAVE_SYS_WAIT_H 1
| #define STDC_HEADERS 1
| #define HAVE_SYS_TYPES_H 1
| #define HAVE_SYS_STAT_H 1
| #define HAVE_STDLIB_H 1
| #define HAVE_STRING_H 1
| #define HAVE_MEMORY_H 1
| #define HAVE_STRINGS_H 1
| #define HAVE_INTTYPES_H 1
| #define HAVE_STDINT_H 1
| #define HAVE_UNISTD_H 1
| #define HAVE_LONG_LONG 1
| #define HAVE_CTYPE_H 1
| #define HAVE_PWD_H 1
| #define HAVE_STDLIB_H 1
| #define HAVE_STRING_H 1
| #define HAVE_STRINGS_H 1
| #define HAVE_SYS_TIME_H 1
| #define HAVE_SYS_MMAN_H 1
| #define HAVE_TERMIOS_H 1
| #define HAVE_GETHOSTNAME 1
| #define HAVE_GETOPT_LONG 1
| #define HAVE_GETPWUID 1
| #define HAVE_GETTIMEOFDAY 1
| #define HAVE_LOCALTIME_R 1
| #define HAVE_MKSTEMP 1
| #define HAVE_REALPATH 1
| #define HAVE_SETENV 1
| #define HAVE_STRNDUP 1
| #define HAVE_STRTOK_R 1
| #define HAVE_UNSETENV 1
| #define HAVE_UTIMES 1
| #define HAVE_COMPAR_FN_T 1
| #define HAVE_STDARG_H 1
| #define HAVE_UNSIGNED_LONG_LONG_INT 1
| #define HAVE_VSNPRINTF 1
| #define HAVE_SNPRINTF 1
| #define HAVE_VASPRINTF 1
| #define HAVE_ASPRINTF 1
| /* end confdefs.h.  */
| #ifndef __APPLE_CC__
| 	       not a universal capable compiler
| 	     #endif
| 	     typedef int dummy;
| 
configure:6048: /usr/bin/gcc -c -O2 -I/home/qemu-sgx/devel/optee/out-br/host/include -Wall -W -I/home/qemu-sgx/devel/optee/out-br/host/include -I$(srcdir)/src/zlib conftest.c >&5
configure:6048: $? = 0
configure:6066: /usr/bin/gcc -c -O2 -I/home/qemu-sgx/devel/optee/out-br/host/include -Wall -W -I/home/qemu-sgx/devel/optee/out-br/host/include -I$(srcdir)/src/zlib conftest.c >&5
conftest.c: In function 'main':
conftest.c:65:4: error: unknown type name 'not'; did you mean 'ino_t'?
   65 |    not big endian
      |    ^~~
      |    ino_t
conftest.c:65:12: error: expected '=', ',', ';', 'asm' or '__attribute__' before 'endian'
   65 |    not big endian
      |            ^~~~~~
configure:6066: $? = 1
configure: failed program was:
| /* confdefs.h */
| #define PACKAGE_NAME ""
| #define PACKAGE_TARNAME ""
| #define PACKAGE_VERSION ""
| #define PACKAGE_STRING ""
| #define PACKAGE_BUGREPORT ""
| #define PACKAGE_URL ""
| #define _GNU_SOURCE 1
| #define _NETBSD_SOURCE 1
| #define __BSD_VISIBLE 1
| #define _BSD_TYPES 1
| #define _DARWIN_C_SOURCE 1
| #define _XOPEN_SOURCE 700
| #define _XOPEN_SOURCE_EXTENDED 1
| #define _POSIX_C_SOURCE 200809L
| #define HAVE_DIRENT_H 1
| #define TIME_WITH_SYS_TIME 1
| #define HAVE_SYS_WAIT_H 1
| #define STDC_HEADERS 1
| #define HAVE_SYS_TYPES_H 1
| #define HAVE_SYS_STAT_H 1
| #define HAVE_STDLIB_H 1
| #define HAVE_STRING_H 1
| #define HAVE_MEMORY_H 1
| #define HAVE_STRINGS_H 1
| #define HAVE_INTTYPES_H 1
| #define HAVE_STDINT_H 1
| #define HAVE_UNISTD_H 1
| #define HAVE_LONG_LONG 1
| #define HAVE_CTYPE_H 1
| #define HAVE_PWD_H 1
| #define HAVE_STDLIB_H 1
| #define HAVE_STRING_H 1
| #define HAVE_STRINGS_H 1
| #define HAVE_SYS_TIME_H 1
| #define HAVE_SYS_MMAN_H 1
| #define HAVE_TERMIOS_H 1
| #define HAVE_GETHOSTNAME 1
| #define HAVE_GETOPT_LONG 1
| #define HAVE_GETPWUID 1
| #define HAVE_GETTIMEOFDAY 1
| #define HAVE_LOCALTIME_R 1
| #define HAVE_MKSTEMP 1
| #define HAVE_REALPATH 1
| #define HAVE_SETENV 1
| #define HAVE_STRNDUP 1
| #define HAVE_STRTOK_R 1
| #define HAVE_UNSETENV 1
| #define HAVE_UTIMES 1
| #define HAVE_COMPAR_FN_T 1
| #define HAVE_STDARG_H 1
| #define HAVE_UNSIGNED_LONG_LONG_INT 1
| #define HAVE_VSNPRINTF 1
| #define HAVE_SNPRINTF 1
| #define HAVE_VASPRINTF 1
| #define HAVE_ASPRINTF 1
| /* end confdefs.h.  */
| #include <sys/types.h>
| 		#include <sys/param.h>
| 
| int
| main ()
| {
| #if BYTE_ORDER != BIG_ENDIAN
| 		 not big endian
| 		#endif
| 
|   ;
|   return 0;
| }
configure:6194: result: no
configure:6213: checking for inline
configure:6229: /usr/bin/gcc -c -O2 -I/home/qemu-sgx/devel/optee/out-br/host/include -Wall -W -I/home/qemu-sgx/devel/optee/out-br/host/include -I$(srcdir)/src/zlib conftest.c >&5
configure:6229: $? = 0
configure:6237: result: inline
configure:6256: checking for extern inline
configure:6278: /usr/bin/gcc -c -O2 -I/home/qemu-sgx/devel/optee/out-br/host/include -Wall -W -I/home/qemu-sgx/devel/optee/out-br/host/include -I$(srcdir)/src/zlib conftest.c >&5
conftest.c:61:16: error: redefinition of 'foo'
   61 |         double foo (double x) { return x + 1.0; };
      |                ^~~
conftest.c:60:30: note: previous definition of 'foo' was here
   60 |         extern inline double foo(double x) { return x+1.0; };
      |                              ^~~
configure:6278: $? = 1
configure: failed program was:
| /* confdefs.h */
| #define PACKAGE_NAME ""
| #define PACKAGE_TARNAME ""
| #define PACKAGE_VERSION ""
| #define PACKAGE_STRING ""
| #define PACKAGE_BUGREPORT ""
| #define PACKAGE_URL ""
| #define _GNU_SOURCE 1
| #define _NETBSD_SOURCE 1
| #define __BSD_VISIBLE 1
| #define _BSD_TYPES 1
| #define _DARWIN_C_SOURCE 1
| #define _XOPEN_SOURCE 700
| #define _XOPEN_SOURCE_EXTENDED 1
| #define _POSIX_C_SOURCE 200809L
| #define HAVE_DIRENT_H 1
| #define TIME_WITH_SYS_TIME 1
| #define HAVE_SYS_WAIT_H 1
| #define STDC_HEADERS 1
| #define HAVE_SYS_TYPES_H 1
| #define HAVE_SYS_STAT_H 1
| #define HAVE_STDLIB_H 1
| #define HAVE_STRING_H 1
| #define HAVE_MEMORY_H 1
| #define HAVE_STRINGS_H 1
| #define HAVE_INTTYPES_H 1
| #define HAVE_STDINT_H 1
| #define HAVE_UNISTD_H 1
| #define HAVE_LONG_LONG 1
| #define HAVE_CTYPE_H 1
| #define HAVE_PWD_H 1
| #define HAVE_STDLIB_H 1
| #define HAVE_STRING_H 1
| #define HAVE_STRINGS_H 1
| #define HAVE_SYS_TIME_H 1
| #define HAVE_SYS_MMAN_H 1
| #define HAVE_TERMIOS_H 1
| #define HAVE_GETHOSTNAME 1
| #define HAVE_GETOPT_LONG 1
| #define HAVE_GETPWUID 1
| #define HAVE_GETTIMEOFDAY 1
| #define HAVE_LOCALTIME_R 1
| #define HAVE_MKSTEMP 1
| #define HAVE_REALPATH 1
| #define HAVE_SETENV 1
| #define HAVE_STRNDUP 1
| #define HAVE_STRTOK_R 1
| #define HAVE_UNSETENV 1
| #define HAVE_UTIMES 1
| #define HAVE_COMPAR_FN_T 1
| #define HAVE_STDARG_H 1
| #define HAVE_UNSIGNED_LONG_LONG_INT 1
| #define HAVE_VSNPRINTF 1
| #define HAVE_SNPRINTF 1
| #define HAVE_VASPRINTF 1
| #define HAVE_ASPRINTF 1
| /* end confdefs.h.  */
| 
|         extern inline double foo(double x);
|         extern inline double foo(double x) { return x+1.0; };
|         double foo (double x) { return x + 1.0; };
| 
| int
| main ()
| {
| foo(1.0)
|   ;
|   return 0;
| }
configure:6283: result: no
configure:6398: developer mode disabled
configure:6408: checking whether C compiler supports -Wno-implicit-fallthrough
configure:6423: /usr/bin/gcc -c -Wno-implicit-fallthrough -I/home/qemu-sgx/devel/optee/out-br/host/include -I$(srcdir)/src/zlib conftest.c >&5
configure:6423: $? = 0
configure:6424: result: yes
configure:6546: creating ./config.status

## ---------------------- ##
## Running config.status. ##
## ---------------------- ##

This file was extended by config.status, which was
generated by GNU Autoconf 2.69.  Invocation command line was

  CONFIG_FILES    = 
  CONFIG_HEADERS  = 
  CONFIG_LINKS    = 
  CONFIG_COMMANDS = 
  $ ./config.status 

on qemusgx-MS-7C70

config.status:858: creating Makefile
config.status:858: creating config.h
configure:7707: WARNING: unrecognized options: --enable-shared, --disable-static, --disable-gtk-doc, --disable-gtk-doc-html, --disable-doc, --disable-docs, --disable-documentation, --disable-debug, --with-xmlto, --with-fop, --disable-nls, --disable-dependency-tracking
configure:7733: now build ccache by running make

## ---------------- ##
## Cache variables. ##
## ---------------- ##

ac_cv_build=x86_64-pc-linux-gnu
ac_cv_c_bigendian=no
ac_cv_c_compiler_clang=no
ac_cv_c_compiler_gnu=yes
ac_cv_c_extern_inline=no
ac_cv_c_inline=inline
ac_cv_env_CC_set=set
ac_cv_env_CC_value=/usr/bin/gcc
ac_cv_env_CFLAGS_set=set
ac_cv_env_CFLAGS_value='-O2 -I/home/qemu-sgx/devel/optee/out-br/host/include'
ac_cv_env_CPPFLAGS_set=set
ac_cv_env_CPPFLAGS_value=-I/home/qemu-sgx/devel/optee/out-br/host/include
ac_cv_env_CPP_set=set
ac_cv_env_CPP_value=/usr/bin/cpp
ac_cv_env_LDFLAGS_set=set
ac_cv_env_LDFLAGS_value='-L/home/qemu-sgx/devel/optee/out-br/host/lib -Wl,-rpath,/home/qemu-sgx/devel/optee/out-br/host/lib'
ac_cv_env_LIBS_set=
ac_cv_env_LIBS_value=
ac_cv_env_build_alias_set=
ac_cv_env_build_alias_value=
ac_cv_env_host_alias_set=
ac_cv_env_host_alias_value=
ac_cv_env_target_alias_set=
ac_cv_env_target_alias_value=
ac_cv_func_asprintf=yes
ac_cv_func_gethostname=yes
ac_cv_func_getopt_long=yes
ac_cv_func_getpwuid=yes
ac_cv_func_gettimeofday=yes
ac_cv_func_localtime_r=yes
ac_cv_func_mkstemp=yes
ac_cv_func_realpath=yes
ac_cv_func_setenv=yes
ac_cv_func_snprintf=yes
ac_cv_func_strndup=yes
ac_cv_func_strtok_r=yes
ac_cv_func_unsetenv=yes
ac_cv_func_utimes=yes
ac_cv_func_vasprintf=yes
ac_cv_func_vsnprintf=yes
ac_cv_header_ctype_h=yes
ac_cv_header_dirent_dirent_h=yes
ac_cv_header_inttypes_h=yes
ac_cv_header_memory_h=yes
ac_cv_header_pwd_h=yes
ac_cv_header_stdarg_h=yes
ac_cv_header_stdc=yes
ac_cv_header_stdint_h=yes
ac_cv_header_stdlib_h=yes
ac_cv_header_string_h=yes
ac_cv_header_strings_h=yes
ac_cv_header_sys_mman_h=yes
ac_cv_header_sys_stat_h=yes
ac_cv_header_sys_time_h=yes
ac_cv_header_sys_types_h=yes
ac_cv_header_sys_wait_h=yes
ac_cv_header_termios_h=yes
ac_cv_header_time=yes
ac_cv_header_unistd_h=yes
ac_cv_header_varargs_h=no
ac_cv_host=x86_64-pc-linux-gnu
ac_cv_objext=o
ac_cv_path_EGREP='/usr/bin/grep -E'
ac_cv_path_GREP=/usr/bin/grep
ac_cv_path_ac_pt_BASH=/bin/bash
ac_cv_path_install='/usr/bin/install -c'
ac_cv_prog_CPP=/usr/bin/cpp
ac_cv_prog_ac_ct_AR=/usr/bin/ar
ac_cv_prog_ac_ct_CC=/usr/bin/gcc
ac_cv_prog_ac_ct_RANLIB=/usr/bin/ranlib
ac_cv_prog_cc_c89=
ac_cv_prog_cc_c99=
ac_cv_prog_cc_g=yes
ac_cv_search_cos=-lm
ac_cv_search_opendir='none required'
ac_cv_type_long_long=yes
ac_cv_type_unsigned_long_long_int=yes
ccache_cv_COMPAR_FN_T=yes
hw_cv_func_asprintf=yes
hw_cv_func_snprintf=yes
hw_cv_func_snprintf_c99=yes
hw_cv_func_vasprintf=yes
hw_cv_func_vsnprintf=yes
hw_cv_func_vsnprintf_c99=yes

## ----------------- ##
## Output variables. ##
## ----------------- ##

AR='/usr/bin/ar'
BASH='/bin/bash'
CC='/usr/bin/gcc'
CFLAGS='-O2 -I/home/qemu-sgx/devel/optee/out-br/host/include -Wall -W'
CPP='/usr/bin/cpp'
CPPFLAGS='-I/home/qemu-sgx/devel/optee/out-br/host/include -I$(srcdir)/src/zlib'
DEFS='-DHAVE_CONFIG_H'
ECHO_C=''
ECHO_N='-n'
ECHO_T=''
EGREP='/usr/bin/grep -E'
EXEEXT=''
GPERF=''
GREP='/usr/bin/grep'
INSTALL_DATA='${INSTALL} -m 644'
INSTALL_PROGRAM='${INSTALL}'
INSTALL_SCRIPT='${INSTALL}'
LDFLAGS='-L/home/qemu-sgx/devel/optee/out-br/host/lib -Wl,-rpath,/home/qemu-sgx/devel/optee/out-br/host/lib'
LIBOBJS=''
LIBS='-lm '
LTLIBOBJS=''
OBJEXT='o'
PACKAGE_BUGREPORT=''
PACKAGE_NAME=''
PACKAGE_STRING=''
PACKAGE_TARNAME=''
PACKAGE_URL=''
PACKAGE_VERSION=''
PATH_SEPARATOR=':'
RANLIB='/usr/bin/ranlib'
SHELL='/bin/bash'
ac_ct_CC='/usr/bin/gcc'
bindir='${exec_prefix}/bin'
build='x86_64-pc-linux-gnu'
build_alias=''
build_cpu='x86_64'
build_os='linux-gnu'
build_vendor='pc'
datadir='${datarootdir}'
datarootdir='${prefix}/share'
disable_man=''
docdir='${datarootdir}/doc/${PACKAGE}'
dvidir='${docdir}'
exec_prefix='${prefix}'
extra_libs='src/zlib/libz.a'
extra_sources=''
host='x86_64-pc-linux-gnu'
host_alias=''
host_cpu='x86_64'
host_os='linux-gnu'
host_vendor='pc'
htmldir='${docdir}'
include_dev_mk=''
includedir='${prefix}/include'
infodir='${datarootdir}/info'
libdir='${exec_prefix}/lib'
libexecdir='${exec_prefix}/libexec'
localedir='${datarootdir}/locale'
localstatedir='/home/qemu-sgx/devel/optee/out-br/host/var'
mandir='${datarootdir}/man'
more_warnings=''
no_implicit_fallthrough_warning='-Wno-implicit-fallthrough'
oldincludedir='/usr/include'
pdfdir='${docdir}'
prefix='/home/qemu-sgx/devel/optee/out-br/host'
program_transform_name='s,x,x,'
psdir='${docdir}'
runstatedir='${localstatedir}/run'
sbindir='${exec_prefix}/sbin'
sharedstatedir='${prefix}/com'
sysconfdir='/home/qemu-sgx/devel/optee/out-br/host/etc'
target_alias=''
test_suites='unittest/test_args.c unittest/test_argument_processing.c unittest/test_compopt.c unittest/test_conf.c unittest/test_counters.c unittest/test_hash.c unittest/test_hashutil.c unittest/test_lockfile.c unittest/test_stats.c unittest/test_util.c'

## ----------- ##
## confdefs.h. ##
## ----------- ##

/* confdefs.h */
#define PACKAGE_NAME ""
#define PACKAGE_TARNAME ""
#define PACKAGE_VERSION ""
#define PACKAGE_STRING ""
#define PACKAGE_BUGREPORT ""
#define PACKAGE_URL ""
#define _GNU_SOURCE 1
#define _NETBSD_SOURCE 1
#define __BSD_VISIBLE 1
#define _BSD_TYPES 1
#define _DARWIN_C_SOURCE 1
#define _XOPEN_SOURCE 700
#define _XOPEN_SOURCE_EXTENDED 1
#define _POSIX_C_SOURCE 200809L
#define HAVE_DIRENT_H 1
#define TIME_WITH_SYS_TIME 1
#define HAVE_SYS_WAIT_H 1
#define STDC_HEADERS 1
#define HAVE_SYS_TYPES_H 1
#define HAVE_SYS_STAT_H 1
#define HAVE_STDLIB_H 1
#define HAVE_STRING_H 1
#define HAVE_MEMORY_H 1
#define HAVE_STRINGS_H 1
#define HAVE_INTTYPES_H 1
#define HAVE_STDINT_H 1
#define HAVE_UNISTD_H 1
#define HAVE_LONG_LONG 1
#define HAVE_CTYPE_H 1
#define HAVE_PWD_H 1
#define HAVE_STDLIB_H 1
#define HAVE_STRING_H 1
#define HAVE_STRINGS_H 1
#define HAVE_SYS_TIME_H 1
#define HAVE_SYS_MMAN_H 1
#define HAVE_TERMIOS_H 1
#define HAVE_GETHOSTNAME 1
#define HAVE_GETOPT_LONG 1
#define HAVE_GETPWUID 1
#define HAVE_GETTIMEOFDAY 1
#define HAVE_LOCALTIME_R 1
#define HAVE_MKSTEMP 1
#define HAVE_REALPATH 1
#define HAVE_SETENV 1
#define HAVE_STRNDUP 1
#define HAVE_STRTOK_R 1
#define HAVE_UNSETENV 1
#define HAVE_UTIMES 1
#define HAVE_COMPAR_FN_T 1
#define HAVE_STDARG_H 1
#define HAVE_UNSIGNED_LONG_LONG_INT 1
#define HAVE_VSNPRINTF 1
#define HAVE_SNPRINTF 1
#define HAVE_VASPRINTF 1
#define HAVE_ASPRINTF 1

configure: exit 0
